#
# There is insufficient memory for the Java Runtime Environment to continue.
# Native memory allocation (malloc) failed to allocate 1469440 bytes. Error detail: Chunk::new
# Possible reasons:
#   The system is out of physical RAM or swap space
#   This process is running with CompressedOops enabled, and the Java Heap may be blocking the growth of the native heap
# Possible solutions:
#   Reduce memory load on the system
#   Increase physical memory or swap space
#   Check if swap backing store is full
#   Decrease Java heap size (-Xmx/-Xms)
#   Decrease number of Java threads
#   Decrease Java thread stack sizes (-Xss)
#   Set larger code cache with -XX:ReservedCodeCacheSize=
#   JVM is running with Zero Based Compressed Oops mode in which the Java heap is
#     placed in the first 32GB address space. The Java Heap base address is the
#     maximum limit for the native heap growth. Please use -XX:HeapBaseMinAddress
#     to set the Java Heap base and to place the Java Heap above 32GB virtual address.
# This output file may be truncated or incomplete.
#
#  Out of Memory Error (arena.cpp:149), pid=31652, tid=31528
#
# JRE version: OpenJDK Runtime Environment Temurin-23.0.1+11 (23.0.1+11) (build 23.0.1+11)
# Java VM: OpenJDK 64-Bit Server VM Temurin-23.0.1+11 (23.0.1+11, mixed mode, sharing, tiered, compressed oops, compressed class ptrs, g1 gc, windows-amd64)
# No core dump will be written. Minidumps are not enabled by default on client versions of Windows
#

---------------  S U M M A R Y ------------

Command Line: -ea -Dfile.encoding=UTF-8 -Dstdout.encoding=UTF-8 -Dstderr.encoding=UTF-8 -XX:+ShowCodeDetailsInExceptionMessages org.testng.remote.RemoteTestNG -serport 52078 -protocol json -d E:\Eclipse workspace 12-2024\SeleniumIframe\test-output C:\PROGRA~1\KMSpico\temp\testng-eclipse-350650225\testng-customsuite.xml

Host: Intel(R) Core(TM) i5-8265U CPU @ 1.60GHz, 8 cores, 15G,  Windows 10 , 64 bit Build 19041 (10.0.19041.5198)
Time: Fri Feb  7 15:39:38 2025 India Standard Time elapsed time: 1.322254 seconds (0d 0h 0m 1s)

---------------  T H R E A D  ---------------

Current thread (0x0000025d451a94a0):  JavaThread "C2 CompilerThread1" daemon [_thread_in_native, id=31528, stack(0x000000eca4900000,0x000000eca4a00000) (1024K)]


Current CompileTask:
C2:1322 2069       4       java.lang.invoke.MethodType::makeImpl (109 bytes)

Stack: [0x000000eca4900000,0x000000eca4a00000]
Native frames: (J=compiled Java code, j=interpreted, Vv=VM code, C=native code)
V  [jvm.dll+0x6e8c79]  (no source info available)
V  [jvm.dll+0x8d9253]  (no source info available)
V  [jvm.dll+0x8db6de]  (no source info available)
V  [jvm.dll+0x8dbdb3]  (no source info available)
V  [jvm.dll+0x281aa6]  (no source info available)
V  [jvm.dll+0xbbb0f]  (no source info available)
V  [jvm.dll+0xbbd6b]  (no source info available)
V  [jvm.dll+0x3b9ecc]  (no source info available)
V  [jvm.dll+0x1e1dfe]  (no source info available)
V  [jvm.dll+0x24ae25]  (no source info available)
V  [jvm.dll+0x24a03f]  (no source info available)
V  [jvm.dll+0x1c8ea0]  (no source info available)
V  [jvm.dll+0x25a13e]  (no source info available)
V  [jvm.dll+0x25840a]  (no source info available)
V  [jvm.dll+0x3f4706]  (no source info available)
V  [jvm.dll+0x8802ab]  (no source info available)
V  [jvm.dll+0x6e7485]  (no source info available)
C  [ucrtbase.dll+0x21bb2]  (no source info available)
C  [KERNEL32.DLL+0x17374]  (no source info available)
C  [ntdll.dll+0x4cc91]  (no source info available)

Lock stack of current Java thread (top to bottom):


---------------  P R O C E S S  ---------------

Threads class SMR info:
_java_thread_list=0x0000025d4665a600, length=25, elements={
0x0000025d5740a480, 0x0000025d7433b890, 0x0000025d7433d080, 0x0000025d74341db0,
0x0000025d743449d0, 0x0000025d7434d050, 0x0000025d74354bd0, 0x0000025d74355570,
0x0000025d74358c50, 0x0000025d4511ddd0, 0x0000025d4512ae40, 0x0000025d451a94a0,
0x0000025d458ff370, 0x0000025d46313ad0, 0x0000025d46391020, 0x0000025d463c17b0,
0x0000025d46384010, 0x0000025d46384680, 0x0000025d4665b280, 0x0000025d463ae790,
0x0000025d46513b50, 0x0000025d465106d0, 0x0000025d46511a80, 0x0000025d465134c0,
0x0000025d465127a0
}

Java Threads: ( => current thread )
  0x0000025d5740a480 JavaThread "Forwarding newSession on session null to remote"        [_thread_blocked, id=28064, stack(0x000000eca3700000,0x000000eca3800000) (1024K)]
  0x0000025d7433b890 JavaThread "Reference Handler"          daemon [_thread_blocked, id=15156, stack(0x000000eca3f00000,0x000000eca4000000) (1024K)]
  0x0000025d7433d080 JavaThread "Finalizer"                  daemon [_thread_blocked, id=8260, stack(0x000000eca4000000,0x000000eca4100000) (1024K)]
  0x0000025d74341db0 JavaThread "Signal Dispatcher"          daemon [_thread_blocked, id=34376, stack(0x000000eca4100000,0x000000eca4200000) (1024K)]
  0x0000025d743449d0 JavaThread "Attach Listener"            daemon [_thread_blocked, id=29640, stack(0x000000eca4200000,0x000000eca4300000) (1024K)]
  0x0000025d7434d050 JavaThread "Service Thread"             daemon [_thread_blocked, id=7124, stack(0x000000eca4300000,0x000000eca4400000) (1024K)]
  0x0000025d74354bd0 JavaThread "Monitor Deflation Thread"   daemon [_thread_blocked, id=26972, stack(0x000000eca4400000,0x000000eca4500000) (1024K)]
  0x0000025d74355570 JavaThread "C2 CompilerThread0"         daemon [_thread_in_native, id=26012, stack(0x000000eca4500000,0x000000eca4600000) (1024K)]
  0x0000025d74358c50 JavaThread "C1 CompilerThread0"         daemon [_thread_blocked, id=36224, stack(0x000000eca4600000,0x000000eca4700000) (1024K)]
  0x0000025d4511ddd0 JavaThread "Notification Thread"        daemon [_thread_blocked, id=31864, stack(0x000000eca4700000,0x000000eca4800000) (1024K)]
  0x0000025d4512ae40 JavaThread "Common-Cleaner"             daemon [_thread_blocked, id=27384, stack(0x000000eca4800000,0x000000eca4900000) (1024K)]
=>0x0000025d451a94a0 JavaThread "C2 CompilerThread1"         daemon [_thread_in_native, id=31528, stack(0x000000eca4900000,0x000000eca4a00000) (1024K)]
  0x0000025d458ff370 JavaThread "ReaderThread"                      [_thread_in_native, id=30664, stack(0x000000eca4b00000,0x000000eca4c00000) (1024K)]
  0x0000025d46313ad0 JavaThread "ForkJoinPool.commonPool-worker-1" daemon [_thread_blocked, id=30884, stack(0x000000eca4c00000,0x000000eca4d00000) (1024K)]
  0x0000025d46391020 JavaThread "HttpClient-1-SelectorManager" daemon [_thread_in_native, id=17968, stack(0x000000eca5400000,0x000000eca5500000) (1024K)]
  0x0000025d463c17b0 JavaThread "External Process Output Forwarder - F:\\ChromeDriverExe\\chromedriver-win64\\chromedriver.exe" daemon [_thread_in_native, id=23532, stack(0x000000eca5500000,0x000000eca5600000) (1024K)]
  0x0000025d46384010 JavaThread "Driver Service Executor"    daemon [_thread_blocked, id=33208, stack(0x000000eca5600000,0x000000eca5700000) (1024K)]
  0x0000025d46384680 JavaThread "Driver Service Executor"    daemon [_thread_in_native, id=14672, stack(0x000000eca5700000,0x000000eca5800000) (1024K)]
  0x0000025d4665b280 JavaThread "UrlChecker-2"               daemon [_thread_blocked, id=34584, stack(0x000000eca5800000,0x000000eca5900000) (1024K)]
  0x0000025d463ae790 JavaThread "Keep-Alive-Timer"           daemon [_thread_blocked, id=28392, stack(0x000000eca5900000,0x000000eca5a00000) (1024K)]
  0x0000025d46513b50 JavaThread "JdkHttpClient-0-0"          daemon [_thread_blocked, id=23700, stack(0x000000eca5a00000,0x000000eca5b00000) (1024K)]
  0x0000025d465106d0 JavaThread "CompletableFutureDelayScheduler" daemon [_thread_blocked, id=10364, stack(0x000000eca5b00000,0x000000eca5c00000) (1024K)]
  0x0000025d46511a80 JavaThread "JdkHttpClient-0-1"          daemon [_thread_blocked, id=26932, stack(0x000000eca5c00000,0x000000eca5d00000) (1024K)]
  0x0000025d465134c0 JavaThread "JdkHttpClient-0-2"          daemon [_thread_blocked, id=32232, stack(0x000000eca5d00000,0x000000eca5e00000) (1024K)]
  0x0000025d465127a0 JavaThread "JdkHttpClient-0-3"          daemon [_thread_blocked, id=26164, stack(0x000000eca5e00000,0x000000eca5f00000) (1024K)]
Total: 25

Other Threads:
  0x0000025d74321c00 VMThread "VM Thread"                           [id=34456, stack(0x000000eca3e00000,0x000000eca3f00000) (1024K)]
  0x0000025d74311550 WatcherThread "VM Periodic Task Thread"        [id=36940, stack(0x000000eca3d00000,0x000000eca3e00000) (1024K)]
  0x0000025d597bdc10 WorkerThread "GC Thread#0"                     [id=34728, stack(0x000000eca3800000,0x000000eca3900000) (1024K)]
  0x0000025d4630e890 WorkerThread "GC Thread#1"                     [id=10752, stack(0x000000eca4d00000,0x000000eca4e00000) (1024K)]
  0x0000025d4630ec40 WorkerThread "GC Thread#2"                     [id=15532, stack(0x000000eca4e00000,0x000000eca4f00000) (1024K)]
  0x0000025d4630eff0 WorkerThread "GC Thread#3"                     [id=26456, stack(0x000000eca4f00000,0x000000eca5000000) (1024K)]
  0x0000025d461eb9e0 WorkerThread "GC Thread#4"                     [id=13360, stack(0x000000eca5000000,0x000000eca5100000) (1024K)]
  0x0000025d461ebd90 WorkerThread "GC Thread#5"                     [id=30448, stack(0x000000eca5100000,0x000000eca5200000) (1024K)]
  0x0000025d462f9d60 WorkerThread "GC Thread#6"                     [id=3592, stack(0x000000eca5200000,0x000000eca5300000) (1024K)]
  0x0000025d46215b00 WorkerThread "GC Thread#7"                     [id=32848, stack(0x000000eca5300000,0x000000eca5400000) (1024K)]
  0x0000025d597d28a0 ConcurrentGCThread "G1 Main Marker"            [id=28068, stack(0x000000eca3900000,0x000000eca3a00000) (1024K)]
  0x0000025d597d3470 WorkerThread "G1 Conc#0"                       [id=17288, stack(0x000000eca3a00000,0x000000eca3b00000) (1024K)]
  0x0000025d741e41a0 ConcurrentGCThread "G1 Refine#0"               [id=10704, stack(0x000000eca3b00000,0x000000eca3c00000) (1024K)]
  0x0000025d741e6750 ConcurrentGCThread "G1 Service"                [id=1932, stack(0x000000eca3c00000,0x000000eca3d00000) (1024K)]
Total: 14

Threads with active compile tasks:
C2 CompilerThread0  1364 2140       4       java.lang.invoke.MethodType::methodType (69 bytes)
C2 CompilerThread1  1364 2069       4       java.lang.invoke.MethodType::makeImpl (109 bytes)
Total: 2

VM state: not at safepoint (normal execution)

VM Mutex/Monitor currently owned by a thread: None

Heap address: 0x0000000702400000, size: 4060 MB, Compressed Oops mode: Zero based, Oop shift amount: 3

CDS archive(s) mapped at: [0x0000025d00000000-0x0000025d00d70000-0x0000025d00d70000), size 14090240, SharedBaseAddress: 0x0000025d00000000, ArchiveRelocationMode: 1.
Compressed class space mapped at: 0x0000025d01000000-0x0000025d41000000, reserved size: 1073741824
Narrow klass base: 0x0000025d00000000, Narrow klass shift: 0, Narrow klass range: 0x41000000

GC Precious Log:
 CardTable entry size: 512
 Card Set container configuration: InlinePtr #cards 4 size 8 Array Of Cards #cards 16 size 48 Howl #buckets 8 coarsen threshold 3686 Howl Bitmap #cards 512 size 80 coarsen threshold 460 Card regions per heap region 1 cards per card region 4096
 CPUs: 8 total, 8 available
 Memory: 16236M
 Large Page Support: Disabled
 NUMA Support: Disabled
 Compressed Oops: Enabled (Zero based)
 Heap Region Size: 2M
 Heap Min Capacity: 8M
 Heap Initial Capacity: 254M
 Heap Max Capacity: 4060M
 Pre-touch: Disabled
 Parallel Workers: 8
 Concurrent Workers: 2
 Concurrent Refinement Workers: 8
 Periodic GC: Disabled

Heap:
 garbage-first heap   total reserved 4157440K, committed 260096K, used 22394K [0x0000000702400000, 0x0000000800000000)
  region size 2048K, 12 young (24576K), 2 survivors (4096K)
 Metaspace       used 15399K, committed 15744K, reserved 1114112K
  class space    used 1906K, committed 2048K, reserved 1048576K

Heap Regions: E=young(eden), S=young(survivor), O=old, HS=humongous(starts), HC=humongous(continues), CS=collection set, F=free, TAMS=top-at-mark-start, PB=parsable bottom
|   0|0x0000000702400000, 0x00000007025de850, 0x0000000702600000| 93%| O|  |TAMS 0x0000000702400000| PB 0x0000000702400000| Untracked |  0
|   1|0x0000000702600000, 0x0000000702600000, 0x0000000702800000|  0%| F|  |TAMS 0x0000000702600000| PB 0x0000000702600000| Untracked |  0
|   2|0x0000000702800000, 0x0000000702800000, 0x0000000702a00000|  0%| F|  |TAMS 0x0000000702800000| PB 0x0000000702800000| Untracked |  0
|   3|0x0000000702a00000, 0x0000000702a00000, 0x0000000702c00000|  0%| F|  |TAMS 0x0000000702a00000| PB 0x0000000702a00000| Untracked |  0
|   4|0x0000000702c00000, 0x0000000702c00000, 0x0000000702e00000|  0%| F|  |TAMS 0x0000000702c00000| PB 0x0000000702c00000| Untracked |  0
|   5|0x0000000702e00000, 0x0000000702e00000, 0x0000000703000000|  0%| F|  |TAMS 0x0000000702e00000| PB 0x0000000702e00000| Untracked |  0
|   6|0x0000000703000000, 0x0000000703000000, 0x0000000703200000|  0%| F|  |TAMS 0x0000000703000000| PB 0x0000000703000000| Untracked |  0
|   7|0x0000000703200000, 0x0000000703200000, 0x0000000703400000|  0%| F|  |TAMS 0x0000000703200000| PB 0x0000000703200000| Untracked |  0
|   8|0x0000000703400000, 0x0000000703400000, 0x0000000703600000|  0%| F|  |TAMS 0x0000000703400000| PB 0x0000000703400000| Untracked |  0
|   9|0x0000000703600000, 0x0000000703600000, 0x0000000703800000|  0%| F|  |TAMS 0x0000000703600000| PB 0x0000000703600000| Untracked |  0
|  10|0x0000000703800000, 0x0000000703800000, 0x0000000703a00000|  0%| F|  |TAMS 0x0000000703800000| PB 0x0000000703800000| Untracked |  0
|  11|0x0000000703a00000, 0x0000000703a00000, 0x0000000703c00000|  0%| F|  |TAMS 0x0000000703a00000| PB 0x0000000703a00000| Untracked |  0
|  12|0x0000000703c00000, 0x0000000703c00000, 0x0000000703e00000|  0%| F|  |TAMS 0x0000000703c00000| PB 0x0000000703c00000| Untracked |  0
|  13|0x0000000703e00000, 0x0000000703e00000, 0x0000000704000000|  0%| F|  |TAMS 0x0000000703e00000| PB 0x0000000703e00000| Untracked |  0
|  14|0x0000000704000000, 0x0000000704000000, 0x0000000704200000|  0%| F|  |TAMS 0x0000000704000000| PB 0x0000000704000000| Untracked |  0
|  15|0x0000000704200000, 0x0000000704200000, 0x0000000704400000|  0%| F|  |TAMS 0x0000000704200000| PB 0x0000000704200000| Untracked |  0
|  16|0x0000000704400000, 0x0000000704400000, 0x0000000704600000|  0%| F|  |TAMS 0x0000000704400000| PB 0x0000000704400000| Untracked |  0
|  17|0x0000000704600000, 0x0000000704600000, 0x0000000704800000|  0%| F|  |TAMS 0x0000000704600000| PB 0x0000000704600000| Untracked |  0
|  18|0x0000000704800000, 0x0000000704800000, 0x0000000704a00000|  0%| F|  |TAMS 0x0000000704800000| PB 0x0000000704800000| Untracked |  0
|  19|0x0000000704a00000, 0x0000000704a00000, 0x0000000704c00000|  0%| F|  |TAMS 0x0000000704a00000| PB 0x0000000704a00000| Untracked |  0
|  20|0x0000000704c00000, 0x0000000704c00000, 0x0000000704e00000|  0%| F|  |TAMS 0x0000000704c00000| PB 0x0000000704c00000| Untracked |  0
|  21|0x0000000704e00000, 0x0000000704e00000, 0x0000000705000000|  0%| F|  |TAMS 0x0000000704e00000| PB 0x0000000704e00000| Untracked |  0
|  22|0x0000000705000000, 0x0000000705000000, 0x0000000705200000|  0%| F|  |TAMS 0x0000000705000000| PB 0x0000000705000000| Untracked |  0
|  23|0x0000000705200000, 0x0000000705200000, 0x0000000705400000|  0%| F|  |TAMS 0x0000000705200000| PB 0x0000000705200000| Untracked |  0
|  24|0x0000000705400000, 0x0000000705400000, 0x0000000705600000|  0%| F|  |TAMS 0x0000000705400000| PB 0x0000000705400000| Untracked |  0
|  25|0x0000000705600000, 0x0000000705600000, 0x0000000705800000|  0%| F|  |TAMS 0x0000000705600000| PB 0x0000000705600000| Untracked |  0
|  26|0x0000000705800000, 0x0000000705800000, 0x0000000705a00000|  0%| F|  |TAMS 0x0000000705800000| PB 0x0000000705800000| Untracked |  0
|  27|0x0000000705a00000, 0x0000000705a00000, 0x0000000705c00000|  0%| F|  |TAMS 0x0000000705a00000| PB 0x0000000705a00000| Untracked |  0
|  28|0x0000000705c00000, 0x0000000705c00000, 0x0000000705e00000|  0%| F|  |TAMS 0x0000000705c00000| PB 0x0000000705c00000| Untracked |  0
|  29|0x0000000705e00000, 0x0000000705e00000, 0x0000000706000000|  0%| F|  |TAMS 0x0000000705e00000| PB 0x0000000705e00000| Untracked |  0
|  30|0x0000000706000000, 0x0000000706000000, 0x0000000706200000|  0%| F|  |TAMS 0x0000000706000000| PB 0x0000000706000000| Untracked |  0
|  31|0x0000000706200000, 0x0000000706200000, 0x0000000706400000|  0%| F|  |TAMS 0x0000000706200000| PB 0x0000000706200000| Untracked |  0
|  32|0x0000000706400000, 0x0000000706400000, 0x0000000706600000|  0%| F|  |TAMS 0x0000000706400000| PB 0x0000000706400000| Untracked |  0
|  33|0x0000000706600000, 0x0000000706600000, 0x0000000706800000|  0%| F|  |TAMS 0x0000000706600000| PB 0x0000000706600000| Untracked |  0
|  34|0x0000000706800000, 0x0000000706800000, 0x0000000706a00000|  0%| F|  |TAMS 0x0000000706800000| PB 0x0000000706800000| Untracked |  0
|  35|0x0000000706a00000, 0x0000000706a00000, 0x0000000706c00000|  0%| F|  |TAMS 0x0000000706a00000| PB 0x0000000706a00000| Untracked |  0
|  36|0x0000000706c00000, 0x0000000706c00000, 0x0000000706e00000|  0%| F|  |TAMS 0x0000000706c00000| PB 0x0000000706c00000| Untracked |  0
|  37|0x0000000706e00000, 0x0000000706e00000, 0x0000000707000000|  0%| F|  |TAMS 0x0000000706e00000| PB 0x0000000706e00000| Untracked |  0
|  38|0x0000000707000000, 0x0000000707000000, 0x0000000707200000|  0%| F|  |TAMS 0x0000000707000000| PB 0x0000000707000000| Untracked |  0
|  39|0x0000000707200000, 0x0000000707200000, 0x0000000707400000|  0%| F|  |TAMS 0x0000000707200000| PB 0x0000000707200000| Untracked |  0
|  40|0x0000000707400000, 0x0000000707400000, 0x0000000707600000|  0%| F|  |TAMS 0x0000000707400000| PB 0x0000000707400000| Untracked |  0
|  41|0x0000000707600000, 0x0000000707600000, 0x0000000707800000|  0%| F|  |TAMS 0x0000000707600000| PB 0x0000000707600000| Untracked |  0
|  42|0x0000000707800000, 0x0000000707800000, 0x0000000707a00000|  0%| F|  |TAMS 0x0000000707800000| PB 0x0000000707800000| Untracked |  0
|  43|0x0000000707a00000, 0x0000000707a00000, 0x0000000707c00000|  0%| F|  |TAMS 0x0000000707a00000| PB 0x0000000707a00000| Untracked |  0
|  44|0x0000000707c00000, 0x0000000707c00000, 0x0000000707e00000|  0%| F|  |TAMS 0x0000000707c00000| PB 0x0000000707c00000| Untracked |  0
|  45|0x0000000707e00000, 0x0000000707e00000, 0x0000000708000000|  0%| F|  |TAMS 0x0000000707e00000| PB 0x0000000707e00000| Untracked |  0
|  46|0x0000000708000000, 0x0000000708000000, 0x0000000708200000|  0%| F|  |TAMS 0x0000000708000000| PB 0x0000000708000000| Untracked |  0
|  47|0x0000000708200000, 0x0000000708200000, 0x0000000708400000|  0%| F|  |TAMS 0x0000000708200000| PB 0x0000000708200000| Untracked |  0
|  48|0x0000000708400000, 0x0000000708400000, 0x0000000708600000|  0%| F|  |TAMS 0x0000000708400000| PB 0x0000000708400000| Untracked |  0
|  49|0x0000000708600000, 0x0000000708600000, 0x0000000708800000|  0%| F|  |TAMS 0x0000000708600000| PB 0x0000000708600000| Untracked |  0
|  50|0x0000000708800000, 0x0000000708800000, 0x0000000708a00000|  0%| F|  |TAMS 0x0000000708800000| PB 0x0000000708800000| Untracked |  0
|  51|0x0000000708a00000, 0x0000000708a00000, 0x0000000708c00000|  0%| F|  |TAMS 0x0000000708a00000| PB 0x0000000708a00000| Untracked |  0
|  52|0x0000000708c00000, 0x0000000708c00000, 0x0000000708e00000|  0%| F|  |TAMS 0x0000000708c00000| PB 0x0000000708c00000| Untracked |  0
|  53|0x0000000708e00000, 0x0000000708e00000, 0x0000000709000000|  0%| F|  |TAMS 0x0000000708e00000| PB 0x0000000708e00000| Untracked |  0
|  54|0x0000000709000000, 0x0000000709000000, 0x0000000709200000|  0%| F|  |TAMS 0x0000000709000000| PB 0x0000000709000000| Untracked |  0
|  55|0x0000000709200000, 0x0000000709200000, 0x0000000709400000|  0%| F|  |TAMS 0x0000000709200000| PB 0x0000000709200000| Untracked |  0
|  56|0x0000000709400000, 0x0000000709400000, 0x0000000709600000|  0%| F|  |TAMS 0x0000000709400000| PB 0x0000000709400000| Untracked |  0
|  57|0x0000000709600000, 0x0000000709600000, 0x0000000709800000|  0%| F|  |TAMS 0x0000000709600000| PB 0x0000000709600000| Untracked |  0
|  58|0x0000000709800000, 0x0000000709800000, 0x0000000709a00000|  0%| F|  |TAMS 0x0000000709800000| PB 0x0000000709800000| Untracked |  0
|  59|0x0000000709a00000, 0x0000000709a00000, 0x0000000709c00000|  0%| F|  |TAMS 0x0000000709a00000| PB 0x0000000709a00000| Untracked |  0
|  60|0x0000000709c00000, 0x0000000709c00000, 0x0000000709e00000|  0%| F|  |TAMS 0x0000000709c00000| PB 0x0000000709c00000| Untracked |  0
|  61|0x0000000709e00000, 0x0000000709e00000, 0x000000070a000000|  0%| F|  |TAMS 0x0000000709e00000| PB 0x0000000709e00000| Untracked |  0
|  62|0x000000070a000000, 0x000000070a000000, 0x000000070a200000|  0%| F|  |TAMS 0x000000070a000000| PB 0x000000070a000000| Untracked |  0
|  63|0x000000070a200000, 0x000000070a200000, 0x000000070a400000|  0%| F|  |TAMS 0x000000070a200000| PB 0x000000070a200000| Untracked |  0
|  64|0x000000070a400000, 0x000000070a400000, 0x000000070a600000|  0%| F|  |TAMS 0x000000070a400000| PB 0x000000070a400000| Untracked |  0
|  65|0x000000070a600000, 0x000000070a600000, 0x000000070a800000|  0%| F|  |TAMS 0x000000070a600000| PB 0x000000070a600000| Untracked |  0
|  66|0x000000070a800000, 0x000000070a800000, 0x000000070aa00000|  0%| F|  |TAMS 0x000000070a800000| PB 0x000000070a800000| Untracked |  0
|  67|0x000000070aa00000, 0x000000070aa00000, 0x000000070ac00000|  0%| F|  |TAMS 0x000000070aa00000| PB 0x000000070aa00000| Untracked |  0
|  68|0x000000070ac00000, 0x000000070ac00000, 0x000000070ae00000|  0%| F|  |TAMS 0x000000070ac00000| PB 0x000000070ac00000| Untracked |  0
|  69|0x000000070ae00000, 0x000000070ae00000, 0x000000070b000000|  0%| F|  |TAMS 0x000000070ae00000| PB 0x000000070ae00000| Untracked |  0
|  70|0x000000070b000000, 0x000000070b000000, 0x000000070b200000|  0%| F|  |TAMS 0x000000070b000000| PB 0x000000070b000000| Untracked |  0
|  71|0x000000070b200000, 0x000000070b200000, 0x000000070b400000|  0%| F|  |TAMS 0x000000070b200000| PB 0x000000070b200000| Untracked |  0
|  72|0x000000070b400000, 0x000000070b400000, 0x000000070b600000|  0%| F|  |TAMS 0x000000070b400000| PB 0x000000070b400000| Untracked |  0
|  73|0x000000070b600000, 0x000000070b600000, 0x000000070b800000|  0%| F|  |TAMS 0x000000070b600000| PB 0x000000070b600000| Untracked |  0
|  74|0x000000070b800000, 0x000000070b800000, 0x000000070ba00000|  0%| F|  |TAMS 0x000000070b800000| PB 0x000000070b800000| Untracked |  0
|  75|0x000000070ba00000, 0x000000070ba00000, 0x000000070bc00000|  0%| F|  |TAMS 0x000000070ba00000| PB 0x000000070ba00000| Untracked |  0
|  76|0x000000070bc00000, 0x000000070bc00000, 0x000000070be00000|  0%| F|  |TAMS 0x000000070bc00000| PB 0x000000070bc00000| Untracked |  0
|  77|0x000000070be00000, 0x000000070be00000, 0x000000070c000000|  0%| F|  |TAMS 0x000000070be00000| PB 0x000000070be00000| Untracked |  0
|  78|0x000000070c000000, 0x000000070c000000, 0x000000070c200000|  0%| F|  |TAMS 0x000000070c000000| PB 0x000000070c000000| Untracked |  0
|  79|0x000000070c200000, 0x000000070c200000, 0x000000070c400000|  0%| F|  |TAMS 0x000000070c200000| PB 0x000000070c200000| Untracked |  0
|  80|0x000000070c400000, 0x000000070c400000, 0x000000070c600000|  0%| F|  |TAMS 0x000000070c400000| PB 0x000000070c400000| Untracked |  0
|  81|0x000000070c600000, 0x000000070c600000, 0x000000070c800000|  0%| F|  |TAMS 0x000000070c600000| PB 0x000000070c600000| Untracked |  0
|  82|0x000000070c800000, 0x000000070c800000, 0x000000070ca00000|  0%| F|  |TAMS 0x000000070c800000| PB 0x000000070c800000| Untracked |  0
|  83|0x000000070ca00000, 0x000000070ca00000, 0x000000070cc00000|  0%| F|  |TAMS 0x000000070ca00000| PB 0x000000070ca00000| Untracked |  0
|  84|0x000000070cc00000, 0x000000070cc00000, 0x000000070ce00000|  0%| F|  |TAMS 0x000000070cc00000| PB 0x000000070cc00000| Untracked |  0
|  85|0x000000070ce00000, 0x000000070ce00000, 0x000000070d000000|  0%| F|  |TAMS 0x000000070ce00000| PB 0x000000070ce00000| Untracked |  0
|  86|0x000000070d000000, 0x000000070d000000, 0x000000070d200000|  0%| F|  |TAMS 0x000000070d000000| PB 0x000000070d000000| Untracked |  0
|  87|0x000000070d200000, 0x000000070d200000, 0x000000070d400000|  0%| F|  |TAMS 0x000000070d200000| PB 0x000000070d200000| Untracked |  0
|  88|0x000000070d400000, 0x000000070d400000, 0x000000070d600000|  0%| F|  |TAMS 0x000000070d400000| PB 0x000000070d400000| Untracked |  0
|  89|0x000000070d600000, 0x000000070d600000, 0x000000070d800000|  0%| F|  |TAMS 0x000000070d600000| PB 0x000000070d600000| Untracked |  0
|  90|0x000000070d800000, 0x000000070d800000, 0x000000070da00000|  0%| F|  |TAMS 0x000000070d800000| PB 0x000000070d800000| Untracked |  0
|  91|0x000000070da00000, 0x000000070da00000, 0x000000070dc00000|  0%| F|  |TAMS 0x000000070da00000| PB 0x000000070da00000| Untracked |  0
|  92|0x000000070dc00000, 0x000000070dc00000, 0x000000070de00000|  0%| F|  |TAMS 0x000000070dc00000| PB 0x000000070dc00000| Untracked |  0
|  93|0x000000070de00000, 0x000000070de00000, 0x000000070e000000|  0%| F|  |TAMS 0x000000070de00000| PB 0x000000070de00000| Untracked |  0
|  94|0x000000070e000000, 0x000000070e000000, 0x000000070e200000|  0%| F|  |TAMS 0x000000070e000000| PB 0x000000070e000000| Untracked |  0
|  95|0x000000070e200000, 0x000000070e200000, 0x000000070e400000|  0%| F|  |TAMS 0x000000070e200000| PB 0x000000070e200000| Untracked |  0
|  96|0x000000070e400000, 0x000000070e400000, 0x000000070e600000|  0%| F|  |TAMS 0x000000070e400000| PB 0x000000070e400000| Untracked |  0
|  97|0x000000070e600000, 0x000000070e600000, 0x000000070e800000|  0%| F|  |TAMS 0x000000070e600000| PB 0x000000070e600000| Untracked |  0
|  98|0x000000070e800000, 0x000000070e800000, 0x000000070ea00000|  0%| F|  |TAMS 0x000000070e800000| PB 0x000000070e800000| Untracked |  0
|  99|0x000000070ea00000, 0x000000070ea00000, 0x000000070ec00000|  0%| F|  |TAMS 0x000000070ea00000| PB 0x000000070ea00000| Untracked |  0
| 100|0x000000070ec00000, 0x000000070ec00000, 0x000000070ee00000|  0%| F|  |TAMS 0x000000070ec00000| PB 0x000000070ec00000| Untracked |  0
| 101|0x000000070ee00000, 0x000000070ee00000, 0x000000070f000000|  0%| F|  |TAMS 0x000000070ee00000| PB 0x000000070ee00000| Untracked |  0
| 102|0x000000070f000000, 0x000000070f000000, 0x000000070f200000|  0%| F|  |TAMS 0x000000070f000000| PB 0x000000070f000000| Untracked |  0
| 103|0x000000070f200000, 0x000000070f200000, 0x000000070f400000|  0%| F|  |TAMS 0x000000070f200000| PB 0x000000070f200000| Untracked |  0
| 104|0x000000070f400000, 0x000000070f400000, 0x000000070f600000|  0%| F|  |TAMS 0x000000070f400000| PB 0x000000070f400000| Untracked |  0
| 105|0x000000070f600000, 0x000000070f600000, 0x000000070f800000|  0%| F|  |TAMS 0x000000070f600000| PB 0x000000070f600000| Untracked |  0
| 106|0x000000070f800000, 0x000000070f800000, 0x000000070fa00000|  0%| F|  |TAMS 0x000000070f800000| PB 0x000000070f800000| Untracked |  0
| 107|0x000000070fa00000, 0x000000070fa00000, 0x000000070fc00000|  0%| F|  |TAMS 0x000000070fa00000| PB 0x000000070fa00000| Untracked |  0
| 108|0x000000070fc00000, 0x000000070fc00000, 0x000000070fe00000|  0%| F|  |TAMS 0x000000070fc00000| PB 0x000000070fc00000| Untracked |  0
| 109|0x000000070fe00000, 0x000000070fe00000, 0x0000000710000000|  0%| F|  |TAMS 0x000000070fe00000| PB 0x000000070fe00000| Untracked |  0
| 110|0x0000000710000000, 0x0000000710000000, 0x0000000710200000|  0%| F|  |TAMS 0x0000000710000000| PB 0x0000000710000000| Untracked |  0
| 111|0x0000000710200000, 0x0000000710200000, 0x0000000710400000|  0%| F|  |TAMS 0x0000000710200000| PB 0x0000000710200000| Untracked |  0
| 112|0x0000000710400000, 0x0000000710400000, 0x0000000710600000|  0%| F|  |TAMS 0x0000000710400000| PB 0x0000000710400000| Untracked |  0
| 113|0x0000000710600000, 0x0000000710800000, 0x0000000710800000|100%| S|CS|TAMS 0x0000000710600000| PB 0x0000000710600000| Complete |  0
| 114|0x0000000710800000, 0x0000000710a00000, 0x0000000710a00000|100%| S|CS|TAMS 0x0000000710800000| PB 0x0000000710800000| Complete |  0
| 115|0x0000000710a00000, 0x0000000710a00000, 0x0000000710c00000|  0%| F|  |TAMS 0x0000000710a00000| PB 0x0000000710a00000| Untracked |  0
| 116|0x0000000710c00000, 0x0000000710c00000, 0x0000000710e00000|  0%| F|  |TAMS 0x0000000710c00000| PB 0x0000000710c00000| Untracked |  0
| 117|0x0000000710e00000, 0x0000000710e44898, 0x0000000711000000| 13%| E|  |TAMS 0x0000000710e00000| PB 0x0000000710e00000| Complete |  0
| 118|0x0000000711000000, 0x0000000711200000, 0x0000000711200000|100%| E|CS|TAMS 0x0000000711000000| PB 0x0000000711000000| Complete |  0
| 119|0x0000000711200000, 0x0000000711400000, 0x0000000711400000|100%| E|CS|TAMS 0x0000000711200000| PB 0x0000000711200000| Complete |  0
| 120|0x0000000711400000, 0x0000000711600000, 0x0000000711600000|100%| E|CS|TAMS 0x0000000711400000| PB 0x0000000711400000| Complete |  0
| 121|0x0000000711600000, 0x0000000711800000, 0x0000000711800000|100%| E|CS|TAMS 0x0000000711600000| PB 0x0000000711600000| Complete |  0
| 122|0x0000000711800000, 0x0000000711a00000, 0x0000000711a00000|100%| E|CS|TAMS 0x0000000711800000| PB 0x0000000711800000| Complete |  0
| 123|0x0000000711a00000, 0x0000000711c00000, 0x0000000711c00000|100%| E|CS|TAMS 0x0000000711a00000| PB 0x0000000711a00000| Complete |  0
| 124|0x0000000711c00000, 0x0000000711e00000, 0x0000000711e00000|100%| E|CS|TAMS 0x0000000711c00000| PB 0x0000000711c00000| Complete |  0
| 125|0x0000000711e00000, 0x0000000712000000, 0x0000000712000000|100%| E|  |TAMS 0x0000000711e00000| PB 0x0000000711e00000| Complete |  0
| 126|0x0000000712000000, 0x0000000712200000, 0x0000000712200000|100%| E|CS|TAMS 0x0000000712000000| PB 0x0000000712000000| Complete |  0

Card table byte_map: [0x0000025d6d120000,0x0000025d6d910000] _byte_map_base: 0x0000025d6990e000

Marking Bits: (CMBitMap*) 0x0000025d597be230
 Bits: [0x0000025d6d910000, 0x0000025d71880000)

Polling page: 0x0000025d58f20000

Metaspace:

Usage:
  Non-class:     13.18 MB used.
      Class:      1.86 MB used.
       Both:     15.04 MB used.

Virtual space:
  Non-class space:       64.00 MB reserved,      13.38 MB ( 21%) committed,  1 nodes.
      Class space:        1.00 GB reserved,       2.00 MB ( <1%) committed,  1 nodes.
             Both:        1.06 GB reserved,      15.38 MB (  1%) committed. 

Chunk freelists:
   Non-Class:  1.98 MB
       Class:  13.95 MB
        Both:  15.94 MB

MaxMetaspaceSize: unlimited
CompressedClassSpaceSize: 1.00 GB
Initial GC threshold: 21.00 MB
Current GC threshold: 21.00 MB
CDS: on
 - commit_granule_bytes: 65536.
 - commit_granule_words: 8192.
 - virtual_space_node_default_size: 8388608.
 - enlarge_chunks_in_place: 1.
 - use_allocation_guard: 0.


Internal statistics:

num_allocs_failed_limit: 0.
num_arena_births: 360.
num_arena_deaths: 0.
num_vsnodes_births: 2.
num_vsnodes_deaths: 0.
num_space_committed: 246.
num_space_uncommitted: 0.
num_chunks_returned_to_freelist: 0.
num_chunks_taken_from_freelist: 730.
num_chunk_merges: 0.
num_chunk_splits: 433.
num_chunks_enlarged: 261.
num_inconsistent_stats: 0.

CodeHeap 'non-profiled nmethods': size=120064Kb used=677Kb max_used=677Kb free=119386Kb
 bounds [0x0000025d650c0000, 0x0000025d65330000, 0x0000025d6c600000]
CodeHeap 'profiled nmethods': size=120000Kb used=2855Kb max_used=2855Kb free=117144Kb
 bounds [0x0000025d5d600000, 0x0000025d5d8d0000, 0x0000025d64b30000]
CodeHeap 'non-nmethods': size=5696Kb used=1481Kb max_used=1510Kb free=4214Kb
 bounds [0x0000025d64b30000, 0x0000025d64da0000, 0x0000025d650c0000]
CodeCache: size=245760Kb, used=5013Kb, max_used=5042Kb, free=240744Kb
 total_blobs=2721, nmethods=2152, adapters=474, full_count=0
Compilation: enabled, stopped_count=0, restarted_count=0

Compilation events (20 events):
Event: 1.094 Thread 0x0000025d74358c50 2142       3       sun.invoke.util.VerifyAccess::isModuleAccessible (97 bytes)
Event: 1.096 Thread 0x0000025d74358c50 nmethod 2142 0x0000025d5d8c5a08 code [0x0000025d5d8c5c40, 0x0000025d5d8c6880]
Event: 1.096 Thread 0x0000025d74358c50 2144       3       java.lang.invoke.MemberName::equals (69 bytes)
Event: 1.097 Thread 0x0000025d74358c50 nmethod 2144 0x0000025d5d8c6908 code [0x0000025d5d8c6b00, 0x0000025d5d8c75d8]
Event: 1.099 Thread 0x0000025d74358c50 2146       3       java.lang.Thread::onSpinWait (1 bytes)
Event: 1.099 Thread 0x0000025d74358c50 nmethod 2146 0x0000025d5d8c7688 code [0x0000025d5d8c77a0, 0x0000025d5d8c7888]
Event: 1.100 Thread 0x0000025d74358c50 2149       3       java.lang.StringLatin1::trim (76 bytes)
Event: 1.100 Thread 0x0000025d74358c50 nmethod 2149 0x0000025d5d8c7988 code [0x0000025d5d8c7ae0, 0x0000025d5d8c7e78]
Event: 1.100 Thread 0x0000025d74358c50 2150       3       java.util.ImmutableCollections$AbstractImmutableList::iterator (13 bytes)
Event: 1.100 Thread 0x0000025d74358c50 nmethod 2150 0x0000025d5d8c7e88 code [0x0000025d5d8c7fc0, 0x0000025d5d8c8338]
Event: 1.100 Thread 0x0000025d74358c50 2151       3       java.util.ImmutableCollections$ListItr::<init> (25 bytes)
Event: 1.100 Thread 0x0000025d74358c50 nmethod 2151 0x0000025d5d8c8388 code [0x0000025d5d8c84a0, 0x0000025d5d8c8680]
Event: 1.100 Thread 0x0000025d74358c50 2148       3       java.lang.String::trim (35 bytes)
Event: 1.100 Thread 0x0000025d74358c50 nmethod 2148 0x0000025d5d8c8708 code [0x0000025d5d8c8860, 0x0000025d5d8c8b30]
Event: 1.102 Thread 0x0000025d74358c50 2152       3       java.util.zip.Inflater$InflaterZStreamRef::<init> (30 bytes)
Event: 1.102 Thread 0x0000025d74358c50 nmethod 2152 0x0000025d5d8c8b88 code [0x0000025d5d8c8cc0, 0x0000025d5d8c8f90]
Event: 1.102 Thread 0x0000025d74358c50 2153       3       java.nio.MappedByteBuffer::position (6 bytes)
Event: 1.103 Thread 0x0000025d74358c50 nmethod 2153 0x0000025d5d8c9008 code [0x0000025d5d8c9140, 0x0000025d5d8c9350]
Event: 1.103 Thread 0x0000025d74358c50 2154       3       jdk.internal.org.objectweb.asm.FieldVisitor::<init> (78 bytes)
Event: 1.104 Thread 0x0000025d74358c50 nmethod 2154 0x0000025d5d8c9388 code [0x0000025d5d8c9540, 0x0000025d5d8c9d20]

GC Heap History (2 events):
Event: 0.685 GC heap before
{Heap before GC invocations=0 (full 0):
 garbage-first heap   total reserved 4157440K, committed 260096K, used 22528K [0x0000000702400000, 0x0000000800000000)
  region size 2048K, 12 young (24576K), 0 survivors (0K)
 Metaspace       used 8694K, committed 8896K, reserved 1114112K
  class space    used 1074K, committed 1152K, reserved 1048576K
}
Event: 0.689 GC heap after
{Heap after GC invocations=1 (full 0):
 garbage-first heap   total reserved 4157440K, committed 260096K, used 6010K [0x0000000702400000, 0x0000000800000000)
  region size 2048K, 2 young (4096K), 2 survivors (4096K)
 Metaspace       used 8694K, committed 8896K, reserved 1114112K
  class space    used 1074K, committed 1152K, reserved 1048576K
}

Dll operation events (8 events):
Event: 0.007 Loaded shared library C:\Users\admin\.p2\pool\plugins\org.eclipse.justj.openjdk.hotspot.jre.full.win32.x86_64_23.0.1.v20241024-1700\jre\bin\java.dll
Event: 0.063 Loaded shared library C:\Users\admin\.p2\pool\plugins\org.eclipse.justj.openjdk.hotspot.jre.full.win32.x86_64_23.0.1.v20241024-1700\jre\bin\net.dll
Event: 0.065 Loaded shared library C:\Users\admin\.p2\pool\plugins\org.eclipse.justj.openjdk.hotspot.jre.full.win32.x86_64_23.0.1.v20241024-1700\jre\bin\nio.dll
Event: 0.069 Loaded shared library C:\Users\admin\.p2\pool\plugins\org.eclipse.justj.openjdk.hotspot.jre.full.win32.x86_64_23.0.1.v20241024-1700\jre\bin\zip.dll
Event: 0.072 Loaded shared library C:\Users\admin\.p2\pool\plugins\org.eclipse.justj.openjdk.hotspot.jre.full.win32.x86_64_23.0.1.v20241024-1700\jre\bin\zip.dll
Event: 0.235 Loaded shared library C:\Users\admin\.p2\pool\plugins\org.eclipse.justj.openjdk.hotspot.jre.full.win32.x86_64_23.0.1.v20241024-1700\jre\bin\jimage.dll
Event: 0.300 Loaded shared library C:\Users\admin\.p2\pool\plugins\org.eclipse.justj.openjdk.hotspot.jre.full.win32.x86_64_23.0.1.v20241024-1700\jre\bin\extnet.dll
Event: 0.859 Loaded shared library C:\Users\admin\.p2\pool\plugins\org.eclipse.justj.openjdk.hotspot.jre.full.win32.x86_64_23.0.1.v20241024-1700\jre\bin\sunmscapi.dll

Deoptimization events (20 events):
Event: 0.904 Thread 0x0000025d5740a480 Uncommon trap: trap_request=0xffffffde fr.pc=0x0000025d65130664 relative=0x0000000000000304
Event: 0.904 Thread 0x0000025d5740a480 Uncommon trap: reason=class_check action=maybe_recompile pc=0x0000025d65130664 method=java.util.regex.Pattern$BmpCharPropertyGreedy.match(Ljava/util/regex/Matcher;ILjava/lang/CharSequence;)Z @ 26 c2
Event: 0.904 Thread 0x0000025d5740a480 DEOPT PACKING pc=0x0000025d65130664 sp=0x000000eca37fd200
Event: 0.904 Thread 0x0000025d5740a480 DEOPT UNPACKING pc=0x0000025d64b84402 sp=0x000000eca37fd1b8 mode 2
Event: 0.904 Thread 0x0000025d5740a480 Uncommon trap: trap_request=0xffffffde fr.pc=0x0000025d65130664 relative=0x0000000000000304
Event: 0.904 Thread 0x0000025d5740a480 Uncommon trap: reason=class_check action=maybe_recompile pc=0x0000025d65130664 method=java.util.regex.Pattern$BmpCharPropertyGreedy.match(Ljava/util/regex/Matcher;ILjava/lang/CharSequence;)Z @ 26 c2
Event: 0.904 Thread 0x0000025d5740a480 DEOPT PACKING pc=0x0000025d65130664 sp=0x000000eca37fd200
Event: 0.904 Thread 0x0000025d5740a480 DEOPT UNPACKING pc=0x0000025d64b84402 sp=0x000000eca37fd1b8 mode 2
Event: 0.909 Thread 0x0000025d5740a480 Uncommon trap: trap_request=0xffffff45 fr.pc=0x0000025d6512f200 relative=0x0000000000000220
Event: 0.909 Thread 0x0000025d5740a480 Uncommon trap: reason=unstable_if action=reinterpret pc=0x0000025d6512f200 method=java.io.WinNTFileSystem.normalize(Ljava/lang/String;)Ljava/lang/String; @ 79 c2
Event: 0.909 Thread 0x0000025d5740a480 DEOPT PACKING pc=0x0000025d6512f200 sp=0x000000eca37fdd30
Event: 0.909 Thread 0x0000025d5740a480 DEOPT UNPACKING pc=0x0000025d64b84402 sp=0x000000eca37fdca8 mode 2
Event: 0.924 Thread 0x0000025d4665b280 Uncommon trap: trap_request=0xffffffde fr.pc=0x0000025d65130664 relative=0x0000000000000304
Event: 0.924 Thread 0x0000025d4665b280 Uncommon trap: reason=class_check action=maybe_recompile pc=0x0000025d65130664 method=java.util.regex.Pattern$BmpCharPropertyGreedy.match(Ljava/util/regex/Matcher;ILjava/lang/CharSequence;)Z @ 26 c2
Event: 0.924 Thread 0x0000025d4665b280 DEOPT PACKING pc=0x0000025d65130664 sp=0x000000eca58fe6e0
Event: 0.924 Thread 0x0000025d4665b280 DEOPT UNPACKING pc=0x0000025d64b84402 sp=0x000000eca58fe678 mode 2
Event: 0.927 Thread 0x0000025d4665b280 Uncommon trap: trap_request=0xffffff45 fr.pc=0x0000025d651119fc relative=0x00000000000001bc
Event: 0.927 Thread 0x0000025d4665b280 Uncommon trap: reason=unstable_if action=reinterpret pc=0x0000025d651119fc method=java.lang.invoke.VarHandle.checkAccessModeThenIsDirect(Ljava/lang/invoke/VarHandle$AccessDescriptor;)Z @ 4 c2
Event: 0.927 Thread 0x0000025d4665b280 DEOPT PACKING pc=0x0000025d651119fc sp=0x000000eca58febb0
Event: 0.927 Thread 0x0000025d4665b280 DEOPT UNPACKING pc=0x0000025d64b84402 sp=0x000000eca58feae8 mode 2

Classes loaded (20 events):
Event: 1.094 Loading class sun/nio/ch/SelectionKeyImpl
Event: 1.094 Loading class java/nio/channels/spi/AbstractSelectionKey
Event: 1.094 Loading class java/nio/channels/SelectionKey
Event: 1.094 Loading class java/nio/channels/SelectionKey done
Event: 1.094 Loading class java/nio/channels/spi/AbstractSelectionKey done
Event: 1.094 Loading class sun/nio/ch/SelectionKeyImpl done
Event: 1.095 Loading class java/lang/invoke/ConstantBootstraps
Event: 1.095 Loading class java/lang/invoke/ConstantBootstraps done
Event: 1.096 Loading class java/util/concurrent/CompletableFuture$UniRelay
Event: 1.096 Loading class java/util/concurrent/CompletableFuture$UniRelay done
Event: 1.101 Loading class sun/nio/ch/IOVecWrapper
Event: 1.101 Loading class sun/nio/ch/IOVecWrapper done
Event: 1.101 Loading class sun/nio/ch/IOVecWrapper$1
Event: 1.101 Loading class sun/nio/ch/IOVecWrapper$1 done
Event: 1.101 Loading class sun/nio/ch/AllocatedNativeObject
Event: 1.101 Loading class sun/nio/ch/NativeObject
Event: 1.101 Loading class sun/nio/ch/NativeObject done
Event: 1.101 Loading class sun/nio/ch/AllocatedNativeObject done
Event: 1.105 Loading class java/util/concurrent/CompletableFuture$UniApply
Event: 1.105 Loading class java/util/concurrent/CompletableFuture$UniApply done

Classes unloaded (0 events):
No events

Classes redefined (0 events):
No events

Internal exceptions (20 events):
Event: 0.898 Thread 0x0000025d5740a480 Exception <a 'java/lang/NoSuchMethodError'{0x000000071143c148}: 'void java.lang.invoke.DirectMethodHandle$Holder.invokeInterface(java.lang.Object, java.lang.Object, java.lang.Object)'> (0x000000071143c148) 
thrown [s\src\hotspot\share\interpreter\linkResolver.cpp, line 796]
Event: 0.900 Thread 0x0000025d5740a480 Exception <a 'java/lang/NoSuchMethodError'{0x000000071144dfe0}: 'java.lang.Object java.lang.invoke.DirectMethodHandle$Holder.invokeInterface(java.lang.Object, java.lang.Object, java.lang.Object)'> (0x000000071144dfe0) 
thrown [s\src\hotspot\share\interpreter\linkResolver.cpp, line 796]
Event: 0.901 Thread 0x0000025d5740a480 Exception <a 'java/lang/IncompatibleClassChangeError'{0x00000007114516b0}: Found class java.lang.Object, but interface was expected> (0x00000007114516b0) 
thrown [s\src\hotspot\share\interpreter\linkResolver.cpp, line 863]
Event: 0.903 Thread 0x0000025d5740a480 Exception <a 'java/lang/NoSuchMethodError'{0x0000000711458e00}: 'int java.lang.invoke.DirectMethodHandle$Holder.invokeSpecialIFC(java.lang.Object, java.lang.Object, java.lang.Object, java.lang.Object)'> (0x0000000711458e00) 
thrown [s\src\hotspot\share\interpreter\linkResolver.cpp, line 796]
Event: 0.907 Thread 0x0000025d5740a480 Exception <a 'java/lang/NoSuchMethodError'{0x0000000711492a68}: 'java.lang.Object java.lang.invoke.DirectMethodHandle$Holder.invokeVirtual(java.lang.Object, java.lang.Object, java.lang.Object, java.lang.Object)'> (0x0000000711492a68) 
thrown [s\src\hotspot\share\interpreter\linkResolver.cpp, line 796]
Event: 0.913 Thread 0x0000025d5740a480 Exception <a 'java/lang/NoSuchMethodError'{0x0000000711499970}: 'void java.lang.invoke.DirectMethodHandle$Holder.invokeStatic(java.lang.Object, long)'> (0x0000000711499970) 
thrown [s\src\hotspot\share\interpreter\linkResolver.cpp, line 796]
Event: 0.914 Thread 0x0000025d5740a480 Exception <a 'java/lang/NoSuchMethodError'{0x000000071149e758}: 'java.lang.Object java.lang.invoke.DirectMethodHandle$Holder.newInvokeSpecial(java.lang.Object, long)'> (0x000000071149e758) 
thrown [s\src\hotspot\share\interpreter\linkResolver.cpp, line 796]
Event: 0.915 Thread 0x0000025d5740a480 Exception <a 'java/lang/NoSuchMethodError'{0x00000007114a4bc0}: 'java.lang.Object java.lang.invoke.DirectMethodHandle$Holder.invokeStatic(java.lang.Object, long, java.lang.Object)'> (0x00000007114a4bc0) 
thrown [s\src\hotspot\share\interpreter\linkResolver.cpp, line 796]
Event: 0.915 Thread 0x0000025d5740a480 Exception <a 'java/lang/NoSuchMethodError'{0x00000007114a8390}: 'java.lang.Object java.lang.invoke.DirectMethodHandle$Holder.invokeStaticInit(java.lang.Object, long, java.lang.Object)'> (0x00000007114a8390) 
thrown [s\src\hotspot\share\interpreter\linkResolver.cpp, line 796]
Event: 0.928 Thread 0x0000025d4665b280 Exception <a 'java/net/ConnectException'{0x000000071153e248}: Connection refused: getsockopt> (0x000000071153e248) 
thrown [s\src\hotspot\share\prims\jni.cpp, line 539]
Event: 0.958 Thread 0x0000025d4665b280 Exception <a 'java/net/ConnectException'{0x000000071153f320}: Connection refused: getsockopt> (0x000000071153f320) 
thrown [s\src\hotspot\share\prims\jni.cpp, line 539]
Event: 1.006 Thread 0x0000025d5740a480 Exception <a 'java/lang/NoSuchMethodError'{0x00000007115ab290}: 'double java.lang.invoke.DirectMethodHandle$Holder.invokeVirtual(java.lang.Object, java.lang.Object)'> (0x00000007115ab290) 
thrown [s\src\hotspot\share\interpreter\linkResolver.cpp, line 796]
Event: 1.007 Thread 0x0000025d5740a480 Exception <a 'java/lang/NoSuchMethodError'{0x00000007115b1490}: 'float java.lang.invoke.DirectMethodHandle$Holder.invokeVirtual(java.lang.Object, java.lang.Object)'> (0x00000007115b1490) 
thrown [s\src\hotspot\share\interpreter\linkResolver.cpp, line 796]
Event: 1.008 Thread 0x0000025d5740a480 Exception <a 'java/lang/NoSuchMethodError'{0x00000007115b9818}: 'long java.lang.invoke.DirectMethodHandle$Holder.invokeVirtual(java.lang.Object, java.lang.Object)'> (0x00000007115b9818) 
thrown [s\src\hotspot\share\interpreter\linkResolver.cpp, line 796]
Event: 1.016 Thread 0x0000025d5740a480 Exception <a 'java/lang/NoSuchMethodError'{0x00000007115e6b38}: 'java.lang.Object java.lang.invoke.DirectMethodHandle$Holder.invokeVirtual(java.lang.Object, java.lang.Object, java.lang.Object)'> (0x00000007115e6b38) 
thrown [s\src\hotspot\share\interpreter\linkResolver.cpp, line 796]
Event: 1.030 Thread 0x0000025d5740a480 Exception <a 'java/lang/NoSuchMethodError'{0x00000007112a0d60}: 'java.lang.Object java.lang.invoke.DirectMethodHandle$Holder.newInvokeSpecial(java.lang.Object, java.lang.Object, int, int)'> (0x00000007112a0d60) 
thrown [s\src\hotspot\share\interpreter\linkResolver.cpp, line 796]
Event: 1.031 Thread 0x0000025d5740a480 Exception <a 'java/lang/NoSuchMethodError'{0x00000007112ab4c8}: 'void java.lang.invoke.DirectMethodHandle$Holder.invokeStatic(java.lang.Object, java.lang.Object, int)'> (0x00000007112ab4c8) 
thrown [s\src\hotspot\share\interpreter\linkResolver.cpp, line 796]
Event: 1.073 Thread 0x0000025d46513b50 Exception <a 'java/lang/NoSuchMethodError'{0x00000007110a0b18}: 'java.lang.Object java.lang.invoke.DirectMethodHandle$Holder.invokeSpecial(java.lang.Object, java.lang.Object, java.lang.Object, java.lang.Object, int)'> (0x00000007110a0b18) 
thrown [s\src\hotspot\share\interpreter\linkResolver.cpp, line 796]
Event: 1.073 Thread 0x0000025d46513b50 Exception <a 'java/lang/NoSuchMethodError'{0x00000007110a4840}: 'java.lang.Object java.lang.invoke.Invokers$Holder.linkToTargetMethod(java.lang.Object, java.lang.Object, int, java.lang.Object)'> (0x00000007110a4840) 
thrown [s\src\hotspot\share\interpreter\linkResolver.cpp, line 796]
Event: 1.096 Thread 0x0000025d46391020 Exception <a 'java/lang/NoSuchMethodError'{0x00000007117fbc00}: 'int java.lang.invoke.DirectMethodHandle$Holder.invokeStatic(java.lang.Object, int, java.lang.Object)'> (0x00000007117fbc00) 
thrown [s\src\hotspot\share\interpreter\linkResolver.cpp, line 796]

VM Operations (20 events):
Event: 0.440 Executing VM operation: HandshakeAllThreads (Deoptimize)
Event: 0.440 Executing VM operation: HandshakeAllThreads (Deoptimize) done
Event: 0.598 Executing VM operation: HandshakeAllThreads (Deoptimize)
Event: 0.598 Executing VM operation: HandshakeAllThreads (Deoptimize) done
Event: 0.634 Executing VM operation: HandshakeAllThreads (Deoptimize)
Event: 0.634 Executing VM operation: HandshakeAllThreads (Deoptimize) done
Event: 0.661 Executing VM operation: HandshakeAllThreads (Deoptimize)
Event: 0.661 Executing VM operation: HandshakeAllThreads (Deoptimize) done
Event: 0.685 Executing VM operation: G1CollectForAllocation (G1 Evacuation Pause)
Event: 0.689 Executing VM operation: G1CollectForAllocation (G1 Evacuation Pause) done
Event: 0.721 Executing VM operation: HandshakeAllThreads (Deoptimize)
Event: 0.721 Executing VM operation: HandshakeAllThreads (Deoptimize) done
Event: 0.746 Executing VM operation: HandshakeAllThreads (Deoptimize)
Event: 0.746 Executing VM operation: HandshakeAllThreads (Deoptimize) done
Event: 0.783 Executing VM operation: HandshakeAllThreads (Deoptimize)
Event: 0.783 Executing VM operation: HandshakeAllThreads (Deoptimize) done
Event: 0.918 Executing VM operation: HandshakeAllThreads (Deoptimize)
Event: 0.918 Executing VM operation: HandshakeAllThreads (Deoptimize) done
Event: 0.996 Executing VM operation: HandshakeAllThreads (Deoptimize)
Event: 0.996 Executing VM operation: HandshakeAllThreads (Deoptimize) done

Memory protections (0 events):
No events

Nmethod flushes (0 events):
No events

Events (20 events):
Event: 0.032 Thread 0x0000025d5740a480 Thread added: 0x0000025d7434d050
Event: 0.032 Thread 0x0000025d5740a480 Thread added: 0x0000025d74354bd0
Event: 0.032 Thread 0x0000025d5740a480 Thread added: 0x0000025d74355570
Event: 0.032 Thread 0x0000025d5740a480 Thread added: 0x0000025d74358c50
Event: 0.059 Thread 0x0000025d5740a480 Thread added: 0x0000025d4511ddd0
Event: 0.060 Thread 0x0000025d5740a480 Thread added: 0x0000025d4512ae40
Event: 0.086 Thread 0x0000025d74358c50 Thread added: 0x0000025d451a94a0
Event: 0.306 Thread 0x0000025d5740a480 Thread added: 0x0000025d458ff370
Event: 0.675 Thread 0x0000025d5740a480 Thread added: 0x0000025d46313ad0
Event: 0.886 Thread 0x0000025d5740a480 Thread added: 0x0000025d46391020
Event: 0.917 Thread 0x0000025d5740a480 Thread added: 0x0000025d463c17b0
Event: 0.919 Thread 0x0000025d5740a480 Thread added: 0x0000025d46384010
Event: 0.919 Thread 0x0000025d5740a480 Thread added: 0x0000025d46384680
Event: 0.921 Thread 0x0000025d46384010 Thread added: 0x0000025d4665b280
Event: 0.995 Thread 0x0000025d4665b280 Thread added: 0x0000025d463ae790
Event: 1.048 Thread 0x0000025d5740a480 Thread added: 0x0000025d46513b50
Event: 1.050 Thread 0x0000025d5740a480 Thread added: 0x0000025d465106d0
Event: 1.097 Thread 0x0000025d46391020 Thread added: 0x0000025d46511a80
Event: 1.098 Thread 0x0000025d46391020 Thread added: 0x0000025d465134c0
Event: 1.099 Thread 0x0000025d46391020 Thread added: 0x0000025d465127a0


Dynamic libraries:
0x00007ff770020000 - 0x00007ff77002e000 	C:\Users\admin\.p2\pool\plugins\org.eclipse.justj.openjdk.hotspot.jre.full.win32.x86_64_23.0.1.v20241024-1700\jre\bin\javaw.exe
0x00007fff4dc70000 - 0x00007fff4de68000 	C:\Windows\SYSTEM32\ntdll.dll
0x00007fff4d9b0000 - 0x00007fff4da72000 	C:\Windows\System32\KERNEL32.DLL
0x00007fff4b310000 - 0x00007fff4b60e000 	C:\Windows\System32\KERNELBASE.dll
0x00007fff4b7a0000 - 0x00007fff4b8a0000 	C:\Windows\System32\ucrtbase.dll
0x00007fff40240000 - 0x00007fff40257000 	C:\Users\admin\.p2\pool\plugins\org.eclipse.justj.openjdk.hotspot.jre.full.win32.x86_64_23.0.1.v20241024-1700\jre\bin\jli.dll
0x00007fff3fce0000 - 0x00007fff3fcfe000 	C:\Users\admin\.p2\pool\plugins\org.eclipse.justj.openjdk.hotspot.jre.full.win32.x86_64_23.0.1.v20241024-1700\jre\bin\VCRUNTIME140.dll
0x00007fff4ce10000 - 0x00007fff4cfad000 	C:\Windows\System32\USER32.dll
0x00007fff4bc10000 - 0x00007fff4bc32000 	C:\Windows\System32\win32u.dll
0x00007fff2e440000 - 0x00007fff2e6da000 	C:\Windows\WinSxS\amd64_microsoft.windows.common-controls_6595b64144ccf1df_6.0.19041.4355_none_60b8b9eb71f62e16\COMCTL32.dll
0x00007fff4c810000 - 0x00007fff4c83b000 	C:\Windows\System32\GDI32.dll
0x00007fff4c8d0000 - 0x00007fff4c96e000 	C:\Windows\System32\msvcrt.dll
0x00007fff4baf0000 - 0x00007fff4bc07000 	C:\Windows\System32\gdi32full.dll
0x00007fff4b8a0000 - 0x00007fff4b93d000 	C:\Windows\System32\msvcp_win.dll
0x00007fff4bc90000 - 0x00007fff4bcbf000 	C:\Windows\System32\IMM32.DLL
0x00007fff44b70000 - 0x00007fff44b7c000 	C:\Users\admin\.p2\pool\plugins\org.eclipse.justj.openjdk.hotspot.jre.full.win32.x86_64_23.0.1.v20241024-1700\jre\bin\vcruntime140_1.dll
0x00007fff27790000 - 0x00007fff2781d000 	C:\Users\admin\.p2\pool\plugins\org.eclipse.justj.openjdk.hotspot.jre.full.win32.x86_64_23.0.1.v20241024-1700\jre\bin\msvcp140.dll
0x00007ffeeeba0000 - 0x00007ffeef96d000 	C:\Users\admin\.p2\pool\plugins\org.eclipse.justj.openjdk.hotspot.jre.full.win32.x86_64_23.0.1.v20241024-1700\jre\bin\server\jvm.dll
0x00007fff4d760000 - 0x00007fff4d811000 	C:\Windows\System32\ADVAPI32.dll
0x00007fff4bda0000 - 0x00007fff4be3f000 	C:\Windows\System32\sechost.dll
0x00007fff4be40000 - 0x00007fff4bf63000 	C:\Windows\System32\RPCRT4.dll
0x00007fff4b770000 - 0x00007fff4b797000 	C:\Windows\System32\bcrypt.dll
0x00007fff4d060000 - 0x00007fff4d0cb000 	C:\Windows\System32\WS2_32.dll
0x00007fff4b0c0000 - 0x00007fff4b10b000 	C:\Windows\SYSTEM32\POWRPROF.dll
0x00007fff3eaa0000 - 0x00007fff3eac7000 	C:\Windows\SYSTEM32\WINMM.dll
0x00007fff44d60000 - 0x00007fff44d6a000 	C:\Windows\SYSTEM32\VERSION.dll
0x00007fff4b0a0000 - 0x00007fff4b0b2000 	C:\Windows\SYSTEM32\UMPDC.dll
0x00007fff49b30000 - 0x00007fff49b42000 	C:\Windows\SYSTEM32\kernel.appcore.dll
0x00007fff47300000 - 0x00007fff4730a000 	C:\Users\admin\.p2\pool\plugins\org.eclipse.justj.openjdk.hotspot.jre.full.win32.x86_64_23.0.1.v20241024-1700\jre\bin\jimage.dll
0x00007fff48f30000 - 0x00007fff49114000 	C:\Windows\SYSTEM32\DBGHELP.DLL
0x00007fff43680000 - 0x00007fff436b4000 	C:\Windows\SYSTEM32\dbgcore.DLL
0x00007fff4b9b0000 - 0x00007fff4ba32000 	C:\Windows\System32\bcryptPrimitives.dll
0x00007fff3fb90000 - 0x00007fff3fbae000 	C:\Users\admin\.p2\pool\plugins\org.eclipse.justj.openjdk.hotspot.jre.full.win32.x86_64_23.0.1.v20241024-1700\jre\bin\java.dll
0x00007fff4c6e0000 - 0x00007fff4c80b000 	C:\Windows\System32\ole32.dll
0x00007fff4d1a0000 - 0x00007fff4d4f3000 	C:\Windows\System32\combase.dll
0x00007fff4bf70000 - 0x00007fff4c6dd000 	C:\Windows\System32\SHELL32.dll
0x00007fff49370000 - 0x00007fff49b14000 	C:\Windows\SYSTEM32\windows.storage.dll
0x00007fff4acd0000 - 0x00007fff4acfe000 	C:\Windows\SYSTEM32\Wldp.dll
0x00007fff4d0d0000 - 0x00007fff4d19d000 	C:\Windows\System32\OLEAUT32.dll
0x00007fff4d8a0000 - 0x00007fff4d94d000 	C:\Windows\System32\SHCORE.dll
0x00007fff4d580000 - 0x00007fff4d5d5000 	C:\Windows\System32\shlwapi.dll
0x00007fff4b240000 - 0x00007fff4b264000 	C:\Windows\SYSTEM32\profapi.dll
0x00007fff45260000 - 0x00007fff45270000 	C:\Users\admin\.p2\pool\plugins\org.eclipse.justj.openjdk.hotspot.jre.full.win32.x86_64_23.0.1.v20241024-1700\jre\bin\net.dll
0x00007fff4a9d0000 - 0x00007fff4aa3a000 	C:\Windows\system32\mswsock.dll
0x00007fff3e7c0000 - 0x00007fff3e7d6000 	C:\Users\admin\.p2\pool\plugins\org.eclipse.justj.openjdk.hotspot.jre.full.win32.x86_64_23.0.1.v20241024-1700\jre\bin\nio.dll
0x00007fff3fcb0000 - 0x00007fff3fcc7000 	C:\Users\admin\.p2\pool\plugins\org.eclipse.justj.openjdk.hotspot.jre.full.win32.x86_64_23.0.1.v20241024-1700\jre\bin\zip.dll
0x00007fff4a6f0000 - 0x00007fff4a7ba000 	C:\Windows\SYSTEM32\DNSAPI.dll
0x00007fff4a6b0000 - 0x00007fff4a6eb000 	C:\Windows\SYSTEM32\IPHLPAPI.DLL
0x00007fff4ce00000 - 0x00007fff4ce08000 	C:\Windows\System32\NSI.dll
0x00007fff30890000 - 0x00007fff3089a000 	C:\Windows\System32\rasadhlp.dll
0x00007fff308d0000 - 0x00007fff30950000 	C:\Windows\System32\fwpuclnt.dll
0x00007fff44b00000 - 0x00007fff44b09000 	C:\Users\admin\.p2\pool\plugins\org.eclipse.justj.openjdk.hotspot.jre.full.win32.x86_64_23.0.1.v20241024-1700\jre\bin\extnet.dll
0x00007fff4abd0000 - 0x00007fff4abe8000 	C:\Windows\SYSTEM32\CRYPTSP.dll
0x00007fff4a2f0000 - 0x00007fff4a324000 	C:\Windows\system32\rsaenh.dll
0x00007fff4b200000 - 0x00007fff4b22e000 	C:\Windows\SYSTEM32\USERENV.dll
0x00007fff4abc0000 - 0x00007fff4abcc000 	C:\Windows\SYSTEM32\CRYPTBASE.dll
0x00007fff44b60000 - 0x00007fff44b6e000 	C:\Users\admin\.p2\pool\plugins\org.eclipse.justj.openjdk.hotspot.jre.full.win32.x86_64_23.0.1.v20241024-1700\jre\bin\sunmscapi.dll
0x00007fff4b610000 - 0x00007fff4b76c000 	C:\Windows\System32\CRYPT32.dll
0x00007fff4ad40000 - 0x00007fff4ad67000 	C:\Windows\SYSTEM32\ncrypt.dll
0x00007fff4ad00000 - 0x00007fff4ad3b000 	C:\Windows\SYSTEM32\NTASN1.dll
0x00007fff404f0000 - 0x00007fff404f7000 	C:\Windows\system32\wshunix.dll

dbghelp: loaded successfully - version: 4.0.5 - missing functions: none
symbol engine: initialized successfully - sym options: 0x614 - pdb path: .;C:\Users\admin\.p2\pool\plugins\org.eclipse.justj.openjdk.hotspot.jre.full.win32.x86_64_23.0.1.v20241024-1700\jre\bin;C:\Windows\SYSTEM32;C:\Windows\WinSxS\amd64_microsoft.windows.common-controls_6595b64144ccf1df_6.0.19041.4355_none_60b8b9eb71f62e16;C:\Users\admin\.p2\pool\plugins\org.eclipse.justj.openjdk.hotspot.jre.full.win32.x86_64_23.0.1.v20241024-1700\jre\bin\server

VM Arguments:
jvm_args: -ea -Dfile.encoding=UTF-8 -Dstdout.encoding=UTF-8 -Dstderr.encoding=UTF-8 -XX:+ShowCodeDetailsInExceptionMessages 
java_command: org.testng.remote.RemoteTestNG -serport 52078 -protocol json -d E:\Eclipse workspace 12-2024\SeleniumIframe\test-output C:\PROGRA~1\KMSpico\temp\testng-eclipse-350650225\testng-customsuite.xml
java_class_path (initial): C:\Users\admin\eclipse\java-2024-092\eclipse\configuration\org.eclipse.osgi\526\0\.cp\lib\testng-remote.jar;E:\Eclipse workspace 12-2024\SeleniumIframe\bin;F:\Selenium jar files\auto-service-annotations-1.1.1.jar;F:\Selenium jar files\auto-service-annotations-1.1.1-sources.jar;F:\Selenium jar files\byte-buddy-1.15.10.jar;F:\Selenium jar files\byte-buddy-1.15.10-sources.jar;F:\Selenium jar files\checker-qual-3.43.0.jar;F:\Selenium jar files\checker-qual-3.43.0-sources.jar;F:\Selenium jar files\commons-exec-1.4.0.jar;F:\Selenium jar files\commons-exec-1.4.0-sources.jar;F:\Selenium jar files\error_prone_annotations-2.28.0.jar;F:\Selenium jar files\error_prone_annotations-2.28.0-sources.jar;F:\Selenium jar files\failsafe-3.3.2.jar;F:\Selenium jar files\failsafe-3.3.2-sources.jar;F:\Selenium jar files\failureaccess-1.0.2.jar;F:\Selenium jar files\failureaccess-1.0.2-sources.jar;F:\Selenium jar files\guava-33.3.1-jre.jar;F:\Selenium jar files\guava-33.3.1-jre-sources.jar;F:\Selenium jar files\j2objc-annotations-3.0.0.jar;F:\Selenium jar files\j2objc-annotations-3.0.0-sources.jar;F:\Selenium jar files\jspecify-1.0.0.jar;F:\Selenium jar files\jspecify-1.0.0-sources.jar;F:\Selenium jar files\jsr305-3.0.2.jar;F:\Selenium jar files\jsr305-3.0.2-sources.jar;F:\Selenium jar files\listenablefuture-9999.0-empty-to-avoid-conflict-with-guava.jar;F:\Selenium jar files\opentelemetry-api-1.44.1.jar;F:\Selenium jar files\opentelemetry-api-1.44.1-sources.jar;F:\Selenium jar files\opentelemetry-api-incubator-1.44.1-alpha.jar;F:\Selenium jar files\opentelemetry-api-incubator-1.44.1-alpha-sources.jar;F:\Selenium jar files\opentelemetry-context-1.44.1.jar;F:\Selenium jar files\opentelemetry-context-1.44.1-sources.jar;F:\Selenium jar files\opentelemetry-exporter-logging-1.44.1.jar;F:\Selenium jar files\opentelemetry-exporter-logging-1.44.1-sources.jar;F:\Selenium jar files\opentelemetry-sdk-1.44.1.jar;F:\Selenium jar files\opentelemetry-sdk-1.44.1-sources.jar;F:\Selenium jar files\opentelemetry-sdk-common-1.44.1.jar;F:\Selenium jar files\opentelemetry-sdk-common-1.44.1-sources.jar;F:\Selenium jar files\opentelemetry-sdk-extension-autoconfigure-1.44.1.jar;F:\Selenium jar files\opentelemetry-sdk-extension-autoconfigure-1.44.1-sources.jar;F:\Selenium jar files\opentelemetry-sdk-extension-autoconfigure-spi-1.44.1.jar;F:\Selenium jar files\opentelemetry-sdk-extension-autoconfigure-spi-1.44.1-sources.jar;F:\Selenium jar files\opentelemetry-sdk-logs-1.44.1.jar;F:\Selenium jar files\opentelemetry-sdk-logs-1.44.1-sources.jar;F:\Selenium jar files\opentelemetry-sdk-metrics-1.44.1.jar;F:\Selenium jar files\opentelemetry-sdk-metrics-1.44.1-sources.jar;F:\Selenium jar files\opentelemetry-sdk-trace-1.44.1.jar;F:\Selenium jar files\opentelemetry-sdk-trace-1.44.1-sources.jar;F:\Selenium jar files\opentelemetry-semconv-1.25.0-alpha.jar;F:\Selenium jar files\opentelemetry-semconv-1.25.0-alpha-sources.jar;F:\Selenium jar files\selenium-api-4.27.0.jar;F:\Selenium jar files\selenium-api-4.27.0-sources.jar;F:\Selenium jar files\selenium-chrome-driver-4.27.0.jar;F:\Selenium jar files\selenium-chrome-driver-4.27.0-sources.jar;F:\Selenium jar files\selenium-chromium-driver-4.27.0.jar;F:\Selenium jar files\selenium-chromium-driver-4.27.0-sources.jar;F:\Selenium jar files\selenium-devtools-v85-4.27.0.jar;F:\Selenium jar files\selenium-devtools-v85-4.27.0-sources.jar;F:\Selenium jar files\selenium-devtools-v129-4.27.0.jar;F:\Selenium jar files\selenium-devtools-v129-4.27.0-sources.jar;F:\Selenium jar files\selenium-devtools-v130-4.27.0.jar;F:\Selenium jar files\selenium-devtools-v130-4.27.0-sources.jar;F:\Selenium jar files\selenium-devtools-v131-4.27.0.jar;F:\Selenium jar files\selenium-devtools-v131-4.27.0-sources.jar;F:\Selenium jar files\selenium-edge-driver-4.27.0.jar;F:\Selenium jar files\selenium-edge-driver-4.27.0-sources.jar;F:\Selenium jar files\selenium-firefox-driver-4.27.0.jar;F:\Selenium jar files\selenium-firefox-driver-4.27.0-sources.jar;F:\Selenium jar files\selenium-http-4.27.0.jar;F:\Selenium jar files\selenium-http-4.27.0-sources.jar;F:\Selenium jar files\selenium-ie-driver-4.27.0.jar;F:\Selenium jar files\selenium-ie-driver-4.27.0-sources.jar;F:\Selenium jar files\selenium-java-4.27.0.jar;F:\Selenium jar files\selenium-java-4.27.0-sources.jar;F:\Selenium jar files\selenium-json-4.27.0.jar;F:\Selenium jar files\selenium-json-4.27.0-sources.jar;F:\Selenium jar files\selenium-manager-4.27.0.jar;F:\Selenium jar files\selenium-manager-4.27.0-sources.jar;F:\Selenium jar files\selenium-os-4.27.0.jar;F:\Selenium jar files\selenium-os-4.27.0-sources.jar;F:\Selenium jar files\selenium-remote-driver-4.27.0.jar;F:\Selenium jar files\selenium-remote-driver-4.27.0-sources.jar;F:\Selenium jar files\selenium-safari-driver-4.27.0.jar;F:\Selenium jar files\selenium-safari-driver-4.27.0-sources.jar;F:\Selenium jar files\selenium-support-4.27.0.jar;F:\Selenium jar files\selenium-support-4.27.0-sources.jar;C:\Users\admin\Downloads\commons-io-2.18.0.jar;C:\Users\admin\Downloads\ashot-1.5.4.jar;C:\Users\admin\.p2\pool\plugins\org.testng_7.4.0.r202105021533.jar;C:\Users\admin\.p2\pool\plugins\com.beust.jcommander_1.78.0.jar;C:\Users\admin\.p2\pool\plugins\org.apache-extras.beanshell.bsh_2.0.0.b6.jar;C:\Users\admin\.p2\pool\plugins\org.yaml.snakeyaml_1.21.0.jar;C:\Users\admin\.p2\pool\plugins\org.webjars.jquery_3.5.1.jar
Launcher Type: SUN_STANDARD

[Global flags]
     intx CICompilerCount                          = 4                                         {product} {ergonomic}
     uint ConcGCThreads                            = 2                                         {product} {ergonomic}
     uint G1ConcRefinementThreads                  = 8                                         {product} {ergonomic}
   size_t G1HeapRegionSize                         = 2097152                                   {product} {ergonomic}
   size_t InitialHeapSize                          = 266338304                                 {product} {ergonomic}
   size_t MarkStackSize                            = 4194304                                   {product} {ergonomic}
   size_t MarkStackSizeMax                         = 536870912                                 {product} {ergonomic}
   size_t MaxHeapSize                              = 4257218560                                {product} {ergonomic}
   size_t MaxNewSize                               = 2554331136                                {product} {ergonomic}
   size_t MinHeapDeltaBytes                        = 2097152                                   {product} {ergonomic}
   size_t MinHeapSize                              = 8388608                                   {product} {ergonomic}
    uintx NonNMethodCodeHeapSize                   = 5832704                                {pd product} {ergonomic}
    uintx NonProfiledCodeHeapSize                  = 122945536                              {pd product} {ergonomic}
    uintx ProfiledCodeHeapSize                     = 122880000                              {pd product} {ergonomic}
    uintx ReservedCodeCacheSize                    = 251658240                              {pd product} {ergonomic}
     bool SegmentedCodeCache                       = true                                      {product} {ergonomic}
     bool ShowCodeDetailsInExceptionMessages       = true                                   {manageable} {command line}
   size_t SoftMaxHeapSize                          = 4257218560                             {manageable} {ergonomic}
     bool UseCompressedOops                        = true                           {product lp64_product} {ergonomic}
     bool UseG1GC                                  = true                                      {product} {ergonomic}
     bool UseLargePagesIndividualAllocation        = false                                  {pd product} {ergonomic}

Logging:
Log output configuration:
 #0: stdout all=warning uptime,level,tags foldmultilines=false
 #1: stderr all=off uptime,level,tags foldmultilines=false

Environment Variables:
PATH=C:/Users/admin/.p2/pool/plugins/org.eclipse.justj.openjdk.hotspot.jre.full.win32.x86_64_23.0.1.v20241024-1700/jre/bin/server;C:/Users/admin/.p2/pool/plugins/org.eclipse.justj.openjdk.hotspot.jre.full.win32.x86_64_23.0.1.v20241024-1700/jre/bin;C:\Program Files\Python313\Scripts\;C:\Program Files\Python313\;D:\Program Files\Java\jdk-20\bin;C:\Users\admin\AppData\Local\Microsoft\WindowsApps;;C:\Users\admin\eclipse\java-2024-092\eclipse;
USERNAME=admin
OS=Windows_NT
PROCESSOR_IDENTIFIER=Intel64 Family 6 Model 142 Stepping 12, GenuineIntel
TMP=C:\PROGRA~1\KMSpico\temp
TEMP=C:\PROGRA~1\KMSpico\temp




Periodic native trim disabled

---------------  S Y S T E M  ---------------

OS:
 Windows 10 , 64 bit Build 19041 (10.0.19041.5198)
OS uptime: 52 days 20:29 hours

CPU: total 8 (initial active 8) (4 cores per cpu, 2 threads per core) family 6 model 142 stepping 12 microcode 0xde, cx8, cmov, fxsr, ht, mmx, 3dnowpref, sse, sse2, sse3, ssse3, sse4.1, sse4.2, popcnt, lzcnt, tsc, tscinvbit, avx, avx2, aes, erms, clmul, bmi1, bmi2, adx, fma, vzeroupper, clflush, clflushopt, rdtscp, f16c
Processor Information for the first 8 processors :
  Max Mhz: 1800, Current Mhz: 1600, Mhz Limit: 1584

Memory: 4k page, system-wide physical 16236M (3865M free)
TotalPageFile size 28658M (AvailPageFile size 4M)
current process WorkingSet (physical memory assigned to process): 143M, peak: 147M
current process commit charge ("private bytes"): 410M, peak: 413M

vm_info: OpenJDK 64-Bit Server VM (23.0.1+11) for windows-amd64 JRE (23.0.1+11), built on 2024-10-15T00:00:00Z with MS VC++ 17.7 (VS2022)

END.
