#
# A fatal error has been detected by the Java Runtime Environment:
#
#  EXCEPTION_UNCAUGHT_CXX_EXCEPTION (0xe06d7363) at pc=0x00007fff4b34b699, pid=35968, tid=7648
#
# JRE version: OpenJDK Runtime Environment Temurin-23.0.1+11 (23.0.1+11) (build 23.0.1+11)
# Java VM: OpenJDK 64-Bit Server VM Temurin-23.0.1+11 (23.0.1+11, mixed mode, sharing, tiered, compressed oops, compressed class ptrs, g1 gc, windows-amd64)
# Problematic frame:
# C  [KERNELBASE.dll+0x3b699]
#
# No core dump will be written. Minidumps are not enabled by default on client versions of Windows
#
# If you would like to submit a bug report, please visit:
#   https://github.com/adoptium/adoptium-support/issues
#

---------------  S U M M A R Y ------------

Command Line: -ea -Dfile.encoding=UTF-8 -Dstdout.encoding=UTF-8 -Dstderr.encoding=UTF-8 -XX:+ShowCodeDetailsInExceptionMessages org.testng.remote.RemoteTestNG -serport 51967 -protocol json -d E:\Eclipse workspace 12-2024\SeleniumIframe\test-output C:\PROGRA~1\KMSpico\temp\testng-eclipse--2105818260\testng-customsuite.xml

Host: Intel(R) Core(TM) i5-8265U CPU @ 1.60GHz, 8 cores, 15G,  Windows 10 , 64 bit Build 19041 (10.0.19041.5198)
Time: Fri Feb  7 15:37:32 2025 India Standard Time elapsed time: 11.726654 seconds (0d 0h 0m 11s)

---------------  T H R E A D  ---------------

Current thread (0x0000018a48a082e0):  JavaThread "main"             [_thread_in_vm, id=7648, stack(0x0000008057f00000,0x0000008058000000) (1024K)]

Stack: [0x0000008057f00000,0x0000008058000000],  sp=0x0000008057ffd620,  free space=1013k
Native frames: (J=compiled Java code, j=interpreted, Vv=VM code, C=native code)
C  [KERNELBASE.dll+0x3b699]  (no source info available)
C  [VCRUNTIME140.dll+0x5267]  (no source info available)
C  [jimage.dll+0x3223]  (no source info available)
C  [jimage.dll+0x2995]  (no source info available)
C  [jimage.dll+0x1413]  (no source info available)
C  [jimage.dll+0x1e27]  (no source info available)
C  [jimage.dll+0x1ebe]  (no source info available)
C  [jimage.dll+0x25e2]  (no source info available)
V  [jvm.dll+0x220580]  (no source info available)
V  [jvm.dll+0x21f731]  (no source info available)
V  [jvm.dll+0x84dc10]  (no source info available)
V  [jvm.dll+0x84ec76]  (no source info available)
V  [jvm.dll+0x84f284]  (no source info available)
V  [jvm.dll+0x84ef08]  (no source info available)
V  [jvm.dll+0x26ed1b]  (no source info available)
V  [jvm.dll+0x26ef46]  (no source info available)
V  [jvm.dll+0x5e80d1]  (no source info available)
V  [jvm.dll+0x5ea714]  (no source info available)
V  [jvm.dll+0x3dbe0a]  (no source info available)
V  [jvm.dll+0x3db890]  (no source info available)
C  0x0000018a56017d11  (no source info available)

The last pc belongs to getstatic (printed below).
Java frames: (J=compiled Java code, j=interpreted, Vv=VM code)
j  sun.util.cldr.CLDRBaseLocaleDataMetaInfo.tzCanonicalIDs()Ljava/util/Map;+0 java.base@23.0.1
j  sun.util.cldr.CLDRLocaleProviderAdapter.canonicalTZID(Ljava/lang/String;)Ljava/util/Optional;+3 java.base@23.0.1
j  sun.util.locale.provider.TimeZoneNameUtility.canonicalTZID(Ljava/lang/String;)Ljava/util/Optional;+10 java.base@23.0.1
j  sun.util.locale.provider.LocaleResources.getTimeZoneNames(Ljava/lang/String;)Ljava/lang/Object;+170 java.base@23.0.1
j  sun.util.locale.provider.TimeZoneNameProviderImpl.getDisplayNameArray(Ljava/lang/String;Ljava/util/Locale;)[Ljava/lang/String;+22 java.base@23.0.1
j  sun.util.cldr.CLDRTimeZoneNameProviderImpl.deriveFallbackName([Ljava/lang/String;ILjava/util/Locale;Z)V+111 java.base@23.0.1
j  sun.util.cldr.CLDRTimeZoneNameProviderImpl.getDisplayNameArray(Ljava/lang/String;Ljava/util/Locale;)[Ljava/lang/String;+162 java.base@23.0.1
j  sun.util.locale.provider.TimeZoneNameProviderImpl.getDisplayName(Ljava/lang/String;ZILjava/util/Locale;)Ljava/lang/String;+4 java.base@23.0.1
j  sun.util.locale.provider.TimeZoneNameUtility$TimeZoneNameGetter.getName(Ljava/util/spi/TimeZoneNameProvider;Ljava/util/Locale;Ljava/lang/String;ILjava/lang/String;)Ljava/lang/String;+126 java.base@23.0.1
j  sun.util.locale.provider.TimeZoneNameUtility$TimeZoneNameGetter.getObject(Ljava/util/spi/TimeZoneNameProvider;Ljava/util/Locale;Ljava/lang/String;[Ljava/lang/Object;)Ljava/lang/String;+49 java.base@23.0.1
j  sun.util.locale.provider.TimeZoneNameUtility$TimeZoneNameGetter.getObject(Ljava/util/spi/LocaleServiceProvider;Ljava/util/Locale;Ljava/lang/String;[Ljava/lang/Object;)Ljava/lang/Object;+9 java.base@23.0.1
j  sun.util.locale.provider.LocaleServiceProviderPool.getLocalizedObjectImpl(Lsun/util/locale/provider/LocaleServiceProviderPool$LocalizedObjectGetter;Ljava/util/Locale;ZLjava/lang/String;[Ljava/lang/Object;)Ljava/lang/Object;+93 java.base@23.0.1
j  sun.util.locale.provider.LocaleServiceProviderPool.getLocalizedObject(Lsun/util/locale/provider/LocaleServiceProviderPool$LocalizedObjectGetter;Ljava/util/Locale;Ljava/lang/String;[Ljava/lang/Object;)Ljava/lang/Object;+7 java.base@23.0.1
j  sun.util.locale.provider.TimeZoneNameUtility.retrieveDisplayNamesImpl(Ljava/lang/String;Ljava/util/Locale;)[Ljava/lang/String;+140 java.base@23.0.1
j  sun.util.locale.provider.TimeZoneNameUtility.retrieveDisplayName(Ljava/lang/String;ZILjava/util/Locale;)Ljava/lang/String;+2 java.base@23.0.1
j  java.util.TimeZone.getDisplayName(ZILjava/util/Locale;)Ljava/lang/String;+47 java.base@23.0.1
j  java.util.Date.toString()Ljava/lang/String;+150 java.base@23.0.1
j  org.testng.reporters.TestHTMLReporter.generateLog(Lorg/testng/ITestContext;Ljava/lang/String;Ljava/lang/String;Ljava/util/Collection;Ljava/util/Collection;Ljava/util/Collection;Ljava/util/Collection;Ljava/util/Collection;Ljava/util/Collection;)V+281
j  org.testng.reporters.TestHTMLReporter.onFinish(Lorg/testng/ITestContext;)V+80
j  org.testng.TestRunner.fireEvent(Z)V+45
j  org.testng.TestRunner.afterRun()V+30
j  org.testng.TestRunner.run()V+29
j  org.testng.SuiteRunner.runTest(Lorg/testng/TestRunner;)V+21
j  org.testng.SuiteRunner.runSequentially()V+31
j  org.testng.SuiteRunner.privateRun()V+332
j  org.testng.SuiteRunner.run()V+6
j  org.testng.SuiteRunnerWorker.runSuite(Lorg/testng/internal/SuiteRunnerMap;Lorg/testng/xml/XmlSuite;)V+87
j  org.testng.SuiteRunnerWorker.run()V+12
j  org.testng.TestNG.runSuitesSequentially(Lorg/testng/xml/XmlSuite;Lorg/testng/internal/SuiteRunnerMap;ILjava/lang/String;)V+66
j  org.testng.TestNG.runSuitesLocally()Ljava/util/List;+156
j  org.testng.TestNG.runSuites()Ljava/util/List;+1
j  org.testng.TestNG.run()V+25
j  org.testng.remote.AbstractRemoteTestNG.run()V+149
j  org.testng.remote.RemoteTestNG.initAndRun(Lorg/testng/remote/IRemoteTestNG;[Ljava/lang/String;Lorg/testng/CommandLineArgs;Lorg/testng/remote/RemoteArgs;)V+272
j  org.testng.remote.RemoteTestNG.main([Ljava/lang/String;)V+223
v  ~StubRoutines::call_stub 0x0000018a56000fcd

siginfo: EXCEPTION_UNCAUGHT_CXX_EXCEPTION (0xe06d7363), ExceptionInformation=0x0000000019930520 0x0000008057ffd780 0x00007fff47305268 0x00007fff47300000 


Registers:
RAX=0x0000000000000000, RBX=0x00007fff47305268, RCX=0x0000008057ffd170, RDX=0x00000000000000d8
RSP=0x0000008057ffd620, RBP=0x0000008057ffd8b0, RSI=0x0000008057ffd780, RDI=0x0000000019930520
R8 =0x0000018a4ac23b18, R9 =0x00000000d2f8c364, R10=0x0000018a6561fb90, R11=0x0000000000000000
R12=0x000000000000f116, R13=0x0000018a4ac23b18, R14=0x0000018a450787e0, R15=0x0000018a450787e0
RIP=0x00007fff4b34b699, EFLAGS=0x0000000000000206


Register to memory mapping:

RAX=0x0 is null
RBX=0x00007fff47305268 jimage.dll
RCX=0x0000008057ffd170 is pointing into the stack for thread: 0x0000018a48a082e0
RDX=0x00000000000000d8 is an unknown value
RSP=0x0000008057ffd620 is pointing into the stack for thread: 0x0000018a48a082e0
RBP=0x0000008057ffd8b0 is pointing into the stack for thread: 0x0000018a48a082e0
RSI=0x0000008057ffd780 is pointing into the stack for thread: 0x0000018a48a082e0
RDI=0x0000000019930520 is an unknown value
R8 =0x0000018a4ac23b18 points into unknown readable memory: 0x7361622e6176616a | 6a 61 76 61 2e 62 61 73
R9 =0x00000000d2f8c364 is an unknown value
R10=0x0000018a6561fb90 points into unknown readable memory: 0x0000018a65623d30 | 30 3d 62 65 8a 01 00 00
R11=0x0 is null
R12=0x000000000000f116 is an unknown value
R13=0x0000018a4ac23b18 points into unknown readable memory: 0x7361622e6176616a | 6a 61 76 61 2e 62 61 73
R14=0x0000018a450787e0 points into unknown readable memory: 0x01060005000c0400 | 00 04 0c 00 05 00 06 01
R15=0x0000018a450787e0 points into unknown readable memory: 0x01060005000c0400 | 00 04 0c 00 05 00 06 01

Top of Stack: (sp=0x0000008057ffd620)
0x0000008057ffd620:   0000000000000010 00007fff47305268
0x0000008057ffd630:   0000008057ffd780 0000000000000000
0x0000008057ffd640:   00000001e06d7363 0000000000000000
0x0000008057ffd650:   00007fff4b34b699 0000018a00000004
0x0000008057ffd660:   0000000019930520 0000008057ffd780
0x0000008057ffd670:   00007fff47305268 00007fff47300000
0x0000008057ffd680:   0000018a4ac23b18 000000000000f116
0x0000008057ffd690:   0000008057ffd780 0000008057ffd8b0
0x0000008057ffd6a0:   0000008057ffd720 00007fff4dca4a5f
0x0000008057ffd6b0:   0000000019930520 0000000000000000
0x0000008057ffd6c0:   0000000000000000 00007fff4dcc1910
0x0000008057ffd6d0:   00007fff47307000 00007fff47300000
0x0000008057ffd6e0:   0000098e7aacdc9a 00007fff4b37045b
0x0000008057ffd6f0:   00007fff47305268 00007fff3fce5267
0x0000008057ffd700:   000076640b3eddc2 00007ffe02000002
0x0000008057ffd710:   0000000000000008 00007fff4b7a39ce
0x0000008057ffd720:   00007fff47300000 0000000019930520
0x0000008057ffd730:   0000008057ffd780 00007fff47305268
0x0000008057ffd740:   00007fff47300000 00007fff4b80c8e0
0x0000008057ffd750:   0000018a4bb86c9c 00007fff47303223
0x0000008057ffd760:   0000000000000000 0000018a4bb86c9c
0x0000008057ffd770:   000000000000f116 0000018a4bb86c9c
0x0000008057ffd780:   00007fff47304478 00007fff47304488
0x0000008057ffd790:   0000000000000000 0000008057ff0000
0x0000008057ffd7a0:   000000000000f116 00007fff47302995
0x0000008057ffd7b0:   000000000000f116 00007fff4b37045b
0x0000008057ffd7c0:   0000008057ffc448 0000000000000000
0x0000008057ffd7d0:   0000018a4bb86c9c 00007fff47301413
0x0000008057ffd7e0:   0000000000000000 00007fff4b7b60ae
0x0000008057ffd7f0:   0000008000000000 0000000000000000
0x0000008057ffd800:   0000018a011f7170 00007ffeeee8b6b9
0x0000008057ffd810:   00000000cafefafa 00000000000087ee 

Instructions: (pc=0x00007fff4b34b699)
0x00007fff4b34b599:   d8 21 00 00 41 0f 44 c0 89 43 24 8b 41 18 89 43
0x00007fff4b34b5a9:   28 65 48 8b 04 25 60 00 00 00 48 8b 48 20 39 79
0x00007fff4b34b5b9:   08 7c 36 41 b9 40 00 00 00 48 89 7c 24 20 4c 8d
0x00007fff4b34b5c9:   44 24 30 48 83 c9 ff 41 8d 51 e5 48 ff 15 4d fb
0x00007fff4b34b5d9:   1a 00 0f 1f 44 00 00 85 c0 0f 88 03 63 09 00 81
0x00007fff4b34b5e9:   7c 24 54 33 00 03 00 72 0f 48 8b 9c 24 80 00 00
0x00007fff4b34b5f9:   00 48 83 c4 70 5f c3 cc 89 7b 2c eb ec cc cc cc
0x00007fff4b34b609:   cc cc cc cc cc cc cc 65 48 8b 04 25 30 00 00 00
0x00007fff4b34b619:   8b 40 68 c3 cc cc cc cc cc cc cc cc cc cc cc cc
0x00007fff4b34b629:   cc cc cc cc cc cc cc 48 81 ec d8 00 00 00 48 8b
0x00007fff4b34b639:   05 62 28 28 00 48 33 c4 48 89 84 24 c0 00 00 00
0x00007fff4b34b649:   48 83 64 24 28 00 48 8d 05 da ff ff ff 83 e2 01
0x00007fff4b34b659:   89 4c 24 20 89 54 24 24 48 89 44 24 30 4d 85 c9
0x00007fff4b34b669:   74 4c b8 0f 00 00 00 48 8d 4c 24 40 44 3b c0 49
0x00007fff4b34b679:   8b d1 44 0f 47 c0 44 89 44 24 38 49 c1 e0 03 e8
0x00007fff4b34b689:   ba 25 08 00 48 8d 4c 24 20 48 ff 15 6f fb 1a 00
0x00007fff4b34b699:   0f 1f 44 00 00 48 8b 8c 24 c0 00 00 00 48 33 cc
0x00007fff4b34b6a9:   e8 f2 af 05 00 48 81 c4 d8 00 00 00 c3 cc 83 64
0x00007fff4b34b6b9:   24 38 00 eb cf cc cc cc cc cc cc cc cc cc cc cc
0x00007fff4b34b6c9:   cc cc cc cc cc cc cc 40 53 48 83 ec 30 48 8b d1
0x00007fff4b34b6d9:   48 8d 4c 24 20 e8 d5 cf ff ff 85 c0 74 26 48 8b
0x00007fff4b34b6e9:   4c 24 28 e8 3f 80 ff ff 48 8d 4c 24 20 8b d8 48
0x00007fff4b34b6f9:   ff 15 31 f3 1a 00 0f 1f 44 00 00 8b c3 48 83 c4
0x00007fff4b34b709:   30 5b c3 cc 83 c8 ff eb f4 cc cc cc cc cc cc cc
0x00007fff4b34b719:   cc cc cc cc cc cc cc 48 8b c4 48 89 58 10 48 89
0x00007fff4b34b729:   70 18 57 48 83 ec 60 0f 57 c0 0f 11 40 b8 48 8d
0x00007fff4b34b739:   35 72 55 1b 00 33 db 48 85 c9 48 0f 45 f1 48 8b
0x00007fff4b34b749:   d6 48 8d 48 c8 48 ff 15 93 f9 1a 00 0f 1f 44 00
0x00007fff4b34b759:   00 8b f8 89 44 24 70 85 c0 78 1f 41 b0 01 48 8d
0x00007fff4b34b769:   54 24 30 48 8d 4c 24 20 48 ff 15 e0 f2 1a 00 0f
0x00007fff4b34b779:   1f 44 00 00 8b f8 89 44 24 70 85 ff 0f 88 6d 61
0x00007fff4b34b789:   09 00 48 83 c8 ff 48 8b c8 48 ff c1 66 39 1c 4e 


Stack slot to memory mapping:

stack at sp + 0 slots: 0x0000000000000010 is an unknown value
stack at sp + 1 slots: 0x00007fff47305268 jimage.dll
stack at sp + 2 slots: 0x0000008057ffd780 is pointing into the stack for thread: 0x0000018a48a082e0
stack at sp + 3 slots: 0x0 is null
stack at sp + 4 slots: 0x00000001e06d7363 is an unknown value
stack at sp + 5 slots: 0x0 is null
stack at sp + 6 slots: 0x00007fff4b34b699 KERNELBASE.dll
stack at sp + 7 slots: 0x0000018a00000004 is pointing into metadata

Lock stack of current Java thread (top to bottom):

getstatic  178 getstatic  [0x0000018a56017c60, 0x0000018a56017e60]  512 bytes
[MachCode]
  0x0000018a56017c60: 4883 ec08 | c5fa 1104 | 24eb 1f48 | 83ec 10c5 | fb11 0424 | eb14 4883 | ec10 4889 | 0424 48c7 
  0x0000018a56017c80: 4424 0800 | 0000 00eb | 0150 488b | 4dd0 410f | b755 0148 | 8b49 286b | d218 488d | 4c11 080f 
  0x0000018a56017ca0: b659 1281 | fbb2 0000 | 000f 84bd | 0000 00bb | b200 0000 | e805 0000 | 00e9 9900 | 0000 488b 
  0x0000018a56017cc0: d348 8d44 | 2408 4c89 | 6dc0 498b | cfc5 f877 | 4989 afb0 | 0300 0049 | 8987 a003 | 0000 4883 
  0x0000018a56017ce0: ec20 40f6 | c40f 0f84 | 1900 0000 | 4883 ec08 | 48b8 30b8 | f7ee fe7f | 0000 ffd0 | 4883 c408 
  0x0000018a56017d00: e90c 0000 | 0048 b830 | b8f7 eefe | 7f00 00ff | d048 83c4 | 2049 c787 | a003 0000 | 0000 0000 
  0x0000018a56017d20: 49c7 87b0 | 0300 0000 | 0000 0049 | c787 a803 | 0000 0000 | 0000 c5f8 | 7749 837f | 0800 0f84 
  0x0000018a56017d40: 0500 0000 | e977 91fe | ff4c 8b6d | c04c 8b75 | c84e 8d74 | f500 c348 | 8b4d d041 | 0fb7 5501 
  0x0000018a56017d60: 488b 4928 | 6bd2 1848 | 8d4c 1108 | 8b59 080f | b651 110f | b641 104c | 8b09 4d8b | 4970 4d8b 
  0x0000018a56017d80: 0985 c00f | 850b 0000 | 0041 0fbe | 0419 50e9 | b500 0000 | 83f8 010f | 850b 0000 | 0041 0fb6 
  0x0000018a56017da0: 0419 50e9 | a100 0000 | 83f8 080f | 850e 0000 | 0041 8b04 | 1948 c1e0 | 0350 e98a | 0000 0083 
  0x0000018a56017dc0: f804 0f85 | 0a00 0000 | 418b 0419 | 50e9 7700 | 0000 83f8 | 020f 850b | 0000 0041 | 0fb7 0419 
  0x0000018a56017de0: 50e9 6300 | 0000 83f8 | 030f 850b | 0000 0041 | 0fbf 0419 | 50e9 4f00 | 0000 83f8 | 050f 851a 
  0x0000018a56017e00: 0000 0049 | 8b04 1948 | 83ec 1048 | 8904 2448 | c744 2408 | 0000 0000 | e92c 0000 | 0083 f806 
  0x0000018a56017e20: 0f85 1400 | 0000 c4c1 | 7a10 0419 | 4883 ec08 | c5fa 1104 | 24e9 0f00 | 0000 c4c1 | 7b10 0419 
  0x0000018a56017e40: 4883 ec10 | c5fb 1104 | 2441 0fb6 | 5d03 4983 | c503 49ba | d003 8aef | fe7f 0000 | 41ff 24da 
[/MachCode]

---------------  P R O C E S S  ---------------

Threads class SMR info:
_java_thread_list=0x0000018a4523a220, length=41, elements={
0x0000018a48a082e0, 0x0000018a6577a460, 0x0000018a6577bb20, 0x0000018a65781240,
0x0000018a65781ca0, 0x0000018a65782ea0, 0x0000018a6578b5b0, 0x0000018a6578d750,
0x0000018a65794230, 0x0000018a4511bc60, 0x0000018a4511af40, 0x0000018a45119500,
0x0000018a4511a220, 0x0000018a4511c2f0, 0x0000018a4511b5d0, 0x0000018a45118e70,
0x0000018a45119b90, 0x0000018a4511a8b0, 0x0000018a463fa820, 0x0000018a463fd610,
0x0000018a463f8de0, 0x0000018a463f9b00, 0x0000018a463fa190, 0x0000018a463f6d10,
0x0000018a463f80c0, 0x0000018a463fb540, 0x0000018a463fbbd0, 0x0000018a463faeb0,
0x0000018a463fc260, 0x0000018a463f7a30, 0x0000018a463fcf80, 0x0000018a463f73a0,
0x0000018a463f6680, 0x0000018a463f8750, 0x0000018a463fdca0, 0x0000018a4578c460,
0x0000018a4578e530, 0x0000018a4578b0b0, 0x0000018a457875a0, 0x0000018a4578caf0,
0x0000018a45788fe0
}

Java Threads: ( => current thread )
=>0x0000018a48a082e0 JavaThread "main"                              [_thread_in_vm, id=7648, stack(0x0000008057f00000,0x0000008058000000) (1024K)]
  0x0000018a6577a460 JavaThread "Reference Handler"          daemon [_thread_blocked, id=36488, stack(0x0000008058700000,0x0000008058800000) (1024K)]
  0x0000018a6577bb20 JavaThread "Finalizer"                  daemon [_thread_blocked, id=5616, stack(0x0000008058800000,0x0000008058900000) (1024K)]
  0x0000018a65781240 JavaThread "Signal Dispatcher"          daemon [_thread_blocked, id=33584, stack(0x0000008058900000,0x0000008058a00000) (1024K)]
  0x0000018a65781ca0 JavaThread "Attach Listener"            daemon [_thread_blocked, id=8920, stack(0x0000008058a00000,0x0000008058b00000) (1024K)]
  0x0000018a65782ea0 JavaThread "Service Thread"             daemon [_thread_blocked, id=36408, stack(0x0000008058b00000,0x0000008058c00000) (1024K)]
  0x0000018a6578b5b0 JavaThread "Monitor Deflation Thread"   daemon [_thread_blocked, id=25280, stack(0x0000008058c00000,0x0000008058d00000) (1024K)]
  0x0000018a6578d750 JavaThread "C2 CompilerThread0"         daemon [_thread_blocked, id=25880, stack(0x0000008058d00000,0x0000008058e00000) (1024K)]
  0x0000018a65794230 JavaThread "C1 CompilerThread0"         daemon [_thread_blocked, id=33076, stack(0x0000008058e00000,0x0000008058f00000) (1024K)]
  0x0000018a4511bc60 JavaThread "Notification Thread"        daemon [_thread_blocked, id=37408, stack(0x0000008058f00000,0x0000008059000000) (1024K)]
  0x0000018a4511af40 JavaThread "Common-Cleaner"             daemon [_thread_blocked, id=37116, stack(0x0000008059000000,0x0000008059100000) (1024K)]
  0x0000018a45119500 JavaThread "ReaderThread"                      [_thread_in_native, id=22456, stack(0x0000008059300000,0x0000008059400000) (1024K)]
  0x0000018a4511a220 JavaThread "ForkJoinPool.commonPool-worker-1" daemon [_thread_blocked, id=14532, stack(0x0000008059400000,0x0000008059500000) (1024K)]
  0x0000018a4511c2f0 JavaThread "HttpClient-1-SelectorManager" daemon [_thread_in_native, id=17332, stack(0x0000008059c00000,0x0000008059d00000) (1024K)]
  0x0000018a4511b5d0 JavaThread "External Process Output Forwarder - F:\\ChromeDriverExe\\chromedriver-win64\\chromedriver.exe" daemon [_thread_in_native, id=3532, stack(0x0000008059d00000,0x0000008059e00000) (1024K)]
  0x0000018a45118e70 JavaThread "Driver Service Executor"    daemon [_thread_blocked, id=18668, stack(0x0000008059e00000,0x0000008059f00000) (1024K)]
  0x0000018a45119b90 JavaThread "Driver Service Executor"    daemon [_thread_in_native, id=35120, stack(0x0000008059f00000,0x000000805a000000) (1024K)]
  0x0000018a4511a8b0 JavaThread "UrlChecker-2"               daemon [_thread_blocked, id=16580, stack(0x000000805a000000,0x000000805a100000) (1024K)]
  0x0000018a463fa820 JavaThread "Keep-Alive-Timer"           daemon [_thread_blocked, id=16456, stack(0x000000805a100000,0x000000805a200000) (1024K)]
  0x0000018a463fd610 JavaThread "JdkHttpClient-0-0"          daemon [_thread_blocked, id=28456, stack(0x000000805a200000,0x000000805a300000) (1024K)]
  0x0000018a463f8de0 JavaThread "CompletableFutureDelayScheduler" daemon [_thread_blocked, id=13072, stack(0x000000805a300000,0x000000805a400000) (1024K)]
  0x0000018a463f9b00 JavaThread "JdkHttpClient-0-1"          daemon [_thread_blocked, id=33372, stack(0x000000805a400000,0x000000805a500000) (1024K)]
  0x0000018a463fa190 JavaThread "JdkHttpClient-0-2"          daemon [_thread_blocked, id=21992, stack(0x000000805a500000,0x000000805a600000) (1024K)]
  0x0000018a463f6d10 JavaThread "JdkHttpClient-0-3"          daemon [_thread_blocked, id=26440, stack(0x000000805a600000,0x000000805a700000) (1024K)]
  0x0000018a463f80c0 JavaThread "HttpClient-2-SelectorManager" daemon [_thread_in_native, id=35168, stack(0x0000008059100000,0x0000008059200000) (1024K)]
  0x0000018a463fb540 JavaThread "JdkHttpClient-1-0"          daemon [_thread_blocked, id=34708, stack(0x000000805a700000,0x000000805a800000) (1024K)]
  0x0000018a463fbbd0 JavaThread "JdkHttpClient-1-1"          daemon [_thread_blocked, id=13704, stack(0x000000805a800000,0x000000805a900000) (1024K)]
  0x0000018a463faeb0 JavaThread "JdkHttpClient-1-2"          daemon [_thread_blocked, id=2436, stack(0x000000805a900000,0x000000805aa00000) (1024K)]
  0x0000018a463fc260 JavaThread "JdkHttpClient-1-3"          daemon [_thread_blocked, id=36936, stack(0x000000805aa00000,0x000000805ab00000) (1024K)]
  0x0000018a463f7a30 JavaThread "HttpClient-3-SelectorManager" daemon [_thread_in_native, id=12464, stack(0x000000805ab00000,0x000000805ac00000) (1024K)]
  0x0000018a463fcf80 JavaThread "External Process Output Forwarder - F:\\ChromeDriverExe\\chromedriver-win64\\chromedriver.exe" daemon [_thread_in_native, id=27312, stack(0x000000805ac00000,0x000000805ad00000) (1024K)]
  0x0000018a463f73a0 JavaThread "Driver Service Executor"    daemon [_thread_blocked, id=36376, stack(0x000000805ad00000,0x000000805ae00000) (1024K)]
  0x0000018a463f6680 JavaThread "Driver Service Executor"    daemon [_thread_in_native, id=19740, stack(0x000000805ae00000,0x000000805af00000) (1024K)]
  0x0000018a463f8750 JavaThread "JdkHttpClient-2-0"          daemon [_thread_blocked, id=18824, stack(0x000000805af00000,0x000000805b000000) (1024K)]
  0x0000018a463fdca0 JavaThread "JdkHttpClient-2-1"          daemon [_thread_blocked, id=17796, stack(0x000000805b000000,0x000000805b100000) (1024K)]
  0x0000018a4578c460 JavaThread "JdkHttpClient-2-2"          daemon [_thread_blocked, id=30940, stack(0x000000805b100000,0x000000805b200000) (1024K)]
  0x0000018a4578e530 JavaThread "HttpClient-4-SelectorManager" daemon [_thread_in_native, id=27464, stack(0x000000805b200000,0x000000805b300000) (1024K)]
  0x0000018a4578b0b0 JavaThread "JdkHttpClient-3-0"          daemon [_thread_blocked, id=8408, stack(0x000000805b300000,0x000000805b400000) (1024K)]
  0x0000018a457875a0 JavaThread "JdkHttpClient-3-1"          daemon [_thread_blocked, id=32072, stack(0x000000805b400000,0x000000805b500000) (1024K)]
  0x0000018a4578caf0 JavaThread "JdkHttpClient-3-2"          daemon [_thread_blocked, id=26384, stack(0x000000805b500000,0x000000805b600000) (1024K)]
  0x0000018a45788fe0 JavaThread "JdkHttpClient-3-3"          daemon [_thread_blocked, id=10260, stack(0x000000805b600000,0x000000805b700000) (1024K)]
Total: 41

Other Threads:
  0x0000018a65760bb0 VMThread "VM Thread"                           [id=18236, stack(0x0000008058600000,0x0000008058700000) (1024K)]
  0x0000018a6574f540 WatcherThread "VM Periodic Task Thread"        [id=23060, stack(0x0000008058500000,0x0000008058600000) (1024K)]
  0x0000018a4ac8e9d0 WorkerThread "GC Thread#0"                     [id=3960, stack(0x0000008058000000,0x0000008058100000) (1024K)]
  0x0000018a463a0220 WorkerThread "GC Thread#1"                     [id=22212, stack(0x0000008059500000,0x0000008059600000) (1024K)]
  0x0000018a463b32f0 WorkerThread "GC Thread#2"                     [id=30936, stack(0x0000008059600000,0x0000008059700000) (1024K)]
  0x0000018a463b36a0 WorkerThread "GC Thread#3"                     [id=9008, stack(0x0000008059700000,0x0000008059800000) (1024K)]
  0x0000018a463b3a50 WorkerThread "GC Thread#4"                     [id=16000, stack(0x0000008059800000,0x0000008059900000) (1024K)]
  0x0000018a463b3e00 WorkerThread "GC Thread#5"                     [id=35728, stack(0x0000008059900000,0x0000008059a00000) (1024K)]
  0x0000018a4624bfa0 WorkerThread "GC Thread#6"                     [id=35156, stack(0x0000008059a00000,0x0000008059b00000) (1024K)]
  0x0000018a4625e5e0 WorkerThread "GC Thread#7"                     [id=21944, stack(0x0000008059b00000,0x0000008059c00000) (1024K)]
  0x0000018a4aca3660 ConcurrentGCThread "G1 Main Marker"            [id=25548, stack(0x0000008058100000,0x0000008058200000) (1024K)]
  0x0000018a4aca59e0 WorkerThread "G1 Conc#0"                       [id=9372, stack(0x0000008058200000,0x0000008058300000) (1024K)]
  0x0000018a65621d80 ConcurrentGCThread "G1 Refine#0"               [id=22096, stack(0x0000008058300000,0x0000008058400000) (1024K)]
  0x0000018a656225b0 ConcurrentGCThread "G1 Service"                [id=6108, stack(0x0000008058400000,0x0000008058500000) (1024K)]
Total: 14

Threads with active compile tasks:
Total: 0

VM state: not at safepoint (normal execution)

VM Mutex/Monitor currently owned by a thread: None

Heap address: 0x0000000702400000, size: 4060 MB, Compressed Oops mode: Zero based, Oop shift amount: 3

CDS archive(s) mapped at: [0x0000018a00000000-0x0000018a00d70000-0x0000018a00d70000), size 14090240, SharedBaseAddress: 0x0000018a00000000, ArchiveRelocationMode: 1.
Compressed class space mapped at: 0x0000018a01000000-0x0000018a41000000, reserved size: 1073741824
Narrow klass base: 0x0000018a00000000, Narrow klass shift: 0, Narrow klass range: 0x41000000

GC Precious Log:
 CardTable entry size: 512
 Card Set container configuration: InlinePtr #cards 4 size 8 Array Of Cards #cards 16 size 48 Howl #buckets 8 coarsen threshold 3686 Howl Bitmap #cards 512 size 80 coarsen threshold 460 Card regions per heap region 1 cards per card region 4096
 CPUs: 8 total, 8 available
 Memory: 16236M
 Large Page Support: Disabled
 NUMA Support: Disabled
 Compressed Oops: Enabled (Zero based)
 Heap Region Size: 2M
 Heap Min Capacity: 8M
 Heap Initial Capacity: 254M
 Heap Max Capacity: 4060M
 Pre-touch: Disabled
 Parallel Workers: 8
 Concurrent Workers: 2
 Concurrent Refinement Workers: 8
 Periodic GC: Disabled

Heap:
 garbage-first heap   total reserved 4157440K, committed 260096K, used 17427K [0x0000000702400000, 0x0000000800000000)
  region size 2048K, 7 young (14336K), 2 survivors (4096K)
 Metaspace       used 17125K, committed 17536K, reserved 1114112K
  class space    used 2140K, committed 2304K, reserved 1048576K

Heap Regions: E=young(eden), S=young(survivor), O=old, HS=humongous(starts), HC=humongous(continues), CS=collection set, F=free, TAMS=top-at-mark-start, PB=parsable bottom
|   0|0x0000000702400000, 0x0000000702600000, 0x0000000702600000|100%| O|  |TAMS 0x0000000702400000| PB 0x0000000702400000| Untracked |  0
|   1|0x0000000702600000, 0x0000000702800000, 0x0000000702800000|100%| O|  |TAMS 0x0000000702600000| PB 0x0000000702600000| Untracked |  0
|   2|0x0000000702800000, 0x0000000702a00000, 0x0000000702a00000|100%| O|  |TAMS 0x0000000702800000| PB 0x0000000702800000| Untracked |  0
|   3|0x0000000702a00000, 0x0000000702a00000, 0x0000000702c00000|  0%| F|  |TAMS 0x0000000702a00000| PB 0x0000000702a00000| Untracked |  0
|   4|0x0000000702c00000, 0x0000000702c00000, 0x0000000702e00000|  0%| F|  |TAMS 0x0000000702c00000| PB 0x0000000702c00000| Untracked |  0
|   5|0x0000000702e00000, 0x0000000702e00000, 0x0000000703000000|  0%| F|  |TAMS 0x0000000702e00000| PB 0x0000000702e00000| Untracked |  0
|   6|0x0000000703000000, 0x0000000703000000, 0x0000000703200000|  0%| F|  |TAMS 0x0000000703000000| PB 0x0000000703000000| Untracked |  0
|   7|0x0000000703200000, 0x0000000703200000, 0x0000000703400000|  0%| F|  |TAMS 0x0000000703200000| PB 0x0000000703200000| Untracked |  0
|   8|0x0000000703400000, 0x0000000703400000, 0x0000000703600000|  0%| F|  |TAMS 0x0000000703400000| PB 0x0000000703400000| Untracked |  0
|   9|0x0000000703600000, 0x0000000703600000, 0x0000000703800000|  0%| F|  |TAMS 0x0000000703600000| PB 0x0000000703600000| Untracked |  0
|  10|0x0000000703800000, 0x0000000703800000, 0x0000000703a00000|  0%| F|  |TAMS 0x0000000703800000| PB 0x0000000703800000| Untracked |  0
|  11|0x0000000703a00000, 0x0000000703a00000, 0x0000000703c00000|  0%| F|  |TAMS 0x0000000703a00000| PB 0x0000000703a00000| Untracked |  0
|  12|0x0000000703c00000, 0x0000000703c00000, 0x0000000703e00000|  0%| F|  |TAMS 0x0000000703c00000| PB 0x0000000703c00000| Untracked |  0
|  13|0x0000000703e00000, 0x0000000703e00000, 0x0000000704000000|  0%| F|  |TAMS 0x0000000703e00000| PB 0x0000000703e00000| Untracked |  0
|  14|0x0000000704000000, 0x0000000704000000, 0x0000000704200000|  0%| F|  |TAMS 0x0000000704000000| PB 0x0000000704000000| Untracked |  0
|  15|0x0000000704200000, 0x0000000704200000, 0x0000000704400000|  0%| F|  |TAMS 0x0000000704200000| PB 0x0000000704200000| Untracked |  0
|  16|0x0000000704400000, 0x0000000704400000, 0x0000000704600000|  0%| F|  |TAMS 0x0000000704400000| PB 0x0000000704400000| Untracked |  0
|  17|0x0000000704600000, 0x0000000704600000, 0x0000000704800000|  0%| F|  |TAMS 0x0000000704600000| PB 0x0000000704600000| Untracked |  0
|  18|0x0000000704800000, 0x0000000704800000, 0x0000000704a00000|  0%| F|  |TAMS 0x0000000704800000| PB 0x0000000704800000| Untracked |  0
|  19|0x0000000704a00000, 0x0000000704a00000, 0x0000000704c00000|  0%| F|  |TAMS 0x0000000704a00000| PB 0x0000000704a00000| Untracked |  0
|  20|0x0000000704c00000, 0x0000000704c00000, 0x0000000704e00000|  0%| F|  |TAMS 0x0000000704c00000| PB 0x0000000704c00000| Untracked |  0
|  21|0x0000000704e00000, 0x0000000704e00000, 0x0000000705000000|  0%| F|  |TAMS 0x0000000704e00000| PB 0x0000000704e00000| Untracked |  0
|  22|0x0000000705000000, 0x0000000705000000, 0x0000000705200000|  0%| F|  |TAMS 0x0000000705000000| PB 0x0000000705000000| Untracked |  0
|  23|0x0000000705200000, 0x0000000705200000, 0x0000000705400000|  0%| F|  |TAMS 0x0000000705200000| PB 0x0000000705200000| Untracked |  0
|  24|0x0000000705400000, 0x0000000705400000, 0x0000000705600000|  0%| F|  |TAMS 0x0000000705400000| PB 0x0000000705400000| Untracked |  0
|  25|0x0000000705600000, 0x0000000705600000, 0x0000000705800000|  0%| F|  |TAMS 0x0000000705600000| PB 0x0000000705600000| Untracked |  0
|  26|0x0000000705800000, 0x0000000705800000, 0x0000000705a00000|  0%| F|  |TAMS 0x0000000705800000| PB 0x0000000705800000| Untracked |  0
|  27|0x0000000705a00000, 0x0000000705a00000, 0x0000000705c00000|  0%| F|  |TAMS 0x0000000705a00000| PB 0x0000000705a00000| Untracked |  0
|  28|0x0000000705c00000, 0x0000000705c00000, 0x0000000705e00000|  0%| F|  |TAMS 0x0000000705c00000| PB 0x0000000705c00000| Untracked |  0
|  29|0x0000000705e00000, 0x0000000705e00000, 0x0000000706000000|  0%| F|  |TAMS 0x0000000705e00000| PB 0x0000000705e00000| Untracked |  0
|  30|0x0000000706000000, 0x0000000706000000, 0x0000000706200000|  0%| F|  |TAMS 0x0000000706000000| PB 0x0000000706000000| Untracked |  0
|  31|0x0000000706200000, 0x0000000706200000, 0x0000000706400000|  0%| F|  |TAMS 0x0000000706200000| PB 0x0000000706200000| Untracked |  0
|  32|0x0000000706400000, 0x0000000706400000, 0x0000000706600000|  0%| F|  |TAMS 0x0000000706400000| PB 0x0000000706400000| Untracked |  0
|  33|0x0000000706600000, 0x0000000706600000, 0x0000000706800000|  0%| F|  |TAMS 0x0000000706600000| PB 0x0000000706600000| Untracked |  0
|  34|0x0000000706800000, 0x0000000706800000, 0x0000000706a00000|  0%| F|  |TAMS 0x0000000706800000| PB 0x0000000706800000| Untracked |  0
|  35|0x0000000706a00000, 0x0000000706a00000, 0x0000000706c00000|  0%| F|  |TAMS 0x0000000706a00000| PB 0x0000000706a00000| Untracked |  0
|  36|0x0000000706c00000, 0x0000000706c00000, 0x0000000706e00000|  0%| F|  |TAMS 0x0000000706c00000| PB 0x0000000706c00000| Untracked |  0
|  37|0x0000000706e00000, 0x0000000706e00000, 0x0000000707000000|  0%| F|  |TAMS 0x0000000706e00000| PB 0x0000000706e00000| Untracked |  0
|  38|0x0000000707000000, 0x0000000707000000, 0x0000000707200000|  0%| F|  |TAMS 0x0000000707000000| PB 0x0000000707000000| Untracked |  0
|  39|0x0000000707200000, 0x0000000707200000, 0x0000000707400000|  0%| F|  |TAMS 0x0000000707200000| PB 0x0000000707200000| Untracked |  0
|  40|0x0000000707400000, 0x0000000707400000, 0x0000000707600000|  0%| F|  |TAMS 0x0000000707400000| PB 0x0000000707400000| Untracked |  0
|  41|0x0000000707600000, 0x0000000707600000, 0x0000000707800000|  0%| F|  |TAMS 0x0000000707600000| PB 0x0000000707600000| Untracked |  0
|  42|0x0000000707800000, 0x0000000707800000, 0x0000000707a00000|  0%| F|  |TAMS 0x0000000707800000| PB 0x0000000707800000| Untracked |  0
|  43|0x0000000707a00000, 0x0000000707a00000, 0x0000000707c00000|  0%| F|  |TAMS 0x0000000707a00000| PB 0x0000000707a00000| Untracked |  0
|  44|0x0000000707c00000, 0x0000000707c00000, 0x0000000707e00000|  0%| F|  |TAMS 0x0000000707c00000| PB 0x0000000707c00000| Untracked |  0
|  45|0x0000000707e00000, 0x0000000707e00000, 0x0000000708000000|  0%| F|  |TAMS 0x0000000707e00000| PB 0x0000000707e00000| Untracked |  0
|  46|0x0000000708000000, 0x0000000708000000, 0x0000000708200000|  0%| F|  |TAMS 0x0000000708000000| PB 0x0000000708000000| Untracked |  0
|  47|0x0000000708200000, 0x0000000708200000, 0x0000000708400000|  0%| F|  |TAMS 0x0000000708200000| PB 0x0000000708200000| Untracked |  0
|  48|0x0000000708400000, 0x0000000708400000, 0x0000000708600000|  0%| F|  |TAMS 0x0000000708400000| PB 0x0000000708400000| Untracked |  0
|  49|0x0000000708600000, 0x0000000708600000, 0x0000000708800000|  0%| F|  |TAMS 0x0000000708600000| PB 0x0000000708600000| Untracked |  0
|  50|0x0000000708800000, 0x0000000708800000, 0x0000000708a00000|  0%| F|  |TAMS 0x0000000708800000| PB 0x0000000708800000| Untracked |  0
|  51|0x0000000708a00000, 0x0000000708a00000, 0x0000000708c00000|  0%| F|  |TAMS 0x0000000708a00000| PB 0x0000000708a00000| Untracked |  0
|  52|0x0000000708c00000, 0x0000000708c00000, 0x0000000708e00000|  0%| F|  |TAMS 0x0000000708c00000| PB 0x0000000708c00000| Untracked |  0
|  53|0x0000000708e00000, 0x0000000708e00000, 0x0000000709000000|  0%| F|  |TAMS 0x0000000708e00000| PB 0x0000000708e00000| Untracked |  0
|  54|0x0000000709000000, 0x0000000709000000, 0x0000000709200000|  0%| F|  |TAMS 0x0000000709000000| PB 0x0000000709000000| Untracked |  0
|  55|0x0000000709200000, 0x0000000709200000, 0x0000000709400000|  0%| F|  |TAMS 0x0000000709200000| PB 0x0000000709200000| Untracked |  0
|  56|0x0000000709400000, 0x0000000709400000, 0x0000000709600000|  0%| F|  |TAMS 0x0000000709400000| PB 0x0000000709400000| Untracked |  0
|  57|0x0000000709600000, 0x0000000709600000, 0x0000000709800000|  0%| F|  |TAMS 0x0000000709600000| PB 0x0000000709600000| Untracked |  0
|  58|0x0000000709800000, 0x0000000709800000, 0x0000000709a00000|  0%| F|  |TAMS 0x0000000709800000| PB 0x0000000709800000| Untracked |  0
|  59|0x0000000709a00000, 0x0000000709a00000, 0x0000000709c00000|  0%| F|  |TAMS 0x0000000709a00000| PB 0x0000000709a00000| Untracked |  0
|  60|0x0000000709c00000, 0x0000000709c00000, 0x0000000709e00000|  0%| F|  |TAMS 0x0000000709c00000| PB 0x0000000709c00000| Untracked |  0
|  61|0x0000000709e00000, 0x0000000709e00000, 0x000000070a000000|  0%| F|  |TAMS 0x0000000709e00000| PB 0x0000000709e00000| Untracked |  0
|  62|0x000000070a000000, 0x000000070a000000, 0x000000070a200000|  0%| F|  |TAMS 0x000000070a000000| PB 0x000000070a000000| Untracked |  0
|  63|0x000000070a200000, 0x000000070a200000, 0x000000070a400000|  0%| F|  |TAMS 0x000000070a200000| PB 0x000000070a200000| Untracked |  0
|  64|0x000000070a400000, 0x000000070a400000, 0x000000070a600000|  0%| F|  |TAMS 0x000000070a400000| PB 0x000000070a400000| Untracked |  0
|  65|0x000000070a600000, 0x000000070a600000, 0x000000070a800000|  0%| F|  |TAMS 0x000000070a600000| PB 0x000000070a600000| Untracked |  0
|  66|0x000000070a800000, 0x000000070a800000, 0x000000070aa00000|  0%| F|  |TAMS 0x000000070a800000| PB 0x000000070a800000| Untracked |  0
|  67|0x000000070aa00000, 0x000000070aa00000, 0x000000070ac00000|  0%| F|  |TAMS 0x000000070aa00000| PB 0x000000070aa00000| Untracked |  0
|  68|0x000000070ac00000, 0x000000070ac00000, 0x000000070ae00000|  0%| F|  |TAMS 0x000000070ac00000| PB 0x000000070ac00000| Untracked |  0
|  69|0x000000070ae00000, 0x000000070ae00000, 0x000000070b000000|  0%| F|  |TAMS 0x000000070ae00000| PB 0x000000070ae00000| Untracked |  0
|  70|0x000000070b000000, 0x000000070b000000, 0x000000070b200000|  0%| F|  |TAMS 0x000000070b000000| PB 0x000000070b000000| Untracked |  0
|  71|0x000000070b200000, 0x000000070b200000, 0x000000070b400000|  0%| F|  |TAMS 0x000000070b200000| PB 0x000000070b200000| Untracked |  0
|  72|0x000000070b400000, 0x000000070b400000, 0x000000070b600000|  0%| F|  |TAMS 0x000000070b400000| PB 0x000000070b400000| Untracked |  0
|  73|0x000000070b600000, 0x000000070b600000, 0x000000070b800000|  0%| F|  |TAMS 0x000000070b600000| PB 0x000000070b600000| Untracked |  0
|  74|0x000000070b800000, 0x000000070b800000, 0x000000070ba00000|  0%| F|  |TAMS 0x000000070b800000| PB 0x000000070b800000| Untracked |  0
|  75|0x000000070ba00000, 0x000000070ba00000, 0x000000070bc00000|  0%| F|  |TAMS 0x000000070ba00000| PB 0x000000070ba00000| Untracked |  0
|  76|0x000000070bc00000, 0x000000070bc00000, 0x000000070be00000|  0%| F|  |TAMS 0x000000070bc00000| PB 0x000000070bc00000| Untracked |  0
|  77|0x000000070be00000, 0x000000070be00000, 0x000000070c000000|  0%| F|  |TAMS 0x000000070be00000| PB 0x000000070be00000| Untracked |  0
|  78|0x000000070c000000, 0x000000070c000000, 0x000000070c200000|  0%| F|  |TAMS 0x000000070c000000| PB 0x000000070c000000| Untracked |  0
|  79|0x000000070c200000, 0x000000070c200000, 0x000000070c400000|  0%| F|  |TAMS 0x000000070c200000| PB 0x000000070c200000| Untracked |  0
|  80|0x000000070c400000, 0x000000070c400000, 0x000000070c600000|  0%| F|  |TAMS 0x000000070c400000| PB 0x000000070c400000| Untracked |  0
|  81|0x000000070c600000, 0x000000070c600000, 0x000000070c800000|  0%| F|  |TAMS 0x000000070c600000| PB 0x000000070c600000| Untracked |  0
|  82|0x000000070c800000, 0x000000070c800000, 0x000000070ca00000|  0%| F|  |TAMS 0x000000070c800000| PB 0x000000070c800000| Untracked |  0
|  83|0x000000070ca00000, 0x000000070ca00000, 0x000000070cc00000|  0%| F|  |TAMS 0x000000070ca00000| PB 0x000000070ca00000| Untracked |  0
|  84|0x000000070cc00000, 0x000000070cc00000, 0x000000070ce00000|  0%| F|  |TAMS 0x000000070cc00000| PB 0x000000070cc00000| Untracked |  0
|  85|0x000000070ce00000, 0x000000070ce00000, 0x000000070d000000|  0%| F|  |TAMS 0x000000070ce00000| PB 0x000000070ce00000| Untracked |  0
|  86|0x000000070d000000, 0x000000070d000000, 0x000000070d200000|  0%| F|  |TAMS 0x000000070d000000| PB 0x000000070d000000| Untracked |  0
|  87|0x000000070d200000, 0x000000070d200000, 0x000000070d400000|  0%| F|  |TAMS 0x000000070d200000| PB 0x000000070d200000| Untracked |  0
|  88|0x000000070d400000, 0x000000070d400000, 0x000000070d600000|  0%| F|  |TAMS 0x000000070d400000| PB 0x000000070d400000| Untracked |  0
|  89|0x000000070d600000, 0x000000070d600000, 0x000000070d800000|  0%| F|  |TAMS 0x000000070d600000| PB 0x000000070d600000| Untracked |  0
|  90|0x000000070d800000, 0x000000070d800000, 0x000000070da00000|  0%| F|  |TAMS 0x000000070d800000| PB 0x000000070d800000| Untracked |  0
|  91|0x000000070da00000, 0x000000070da00000, 0x000000070dc00000|  0%| F|  |TAMS 0x000000070da00000| PB 0x000000070da00000| Untracked |  0
|  92|0x000000070dc00000, 0x000000070dc00000, 0x000000070de00000|  0%| F|  |TAMS 0x000000070dc00000| PB 0x000000070dc00000| Untracked |  0
|  93|0x000000070de00000, 0x000000070de00000, 0x000000070e000000|  0%| F|  |TAMS 0x000000070de00000| PB 0x000000070de00000| Untracked |  0
|  94|0x000000070e000000, 0x000000070e000000, 0x000000070e200000|  0%| F|  |TAMS 0x000000070e000000| PB 0x000000070e000000| Untracked |  0
|  95|0x000000070e200000, 0x000000070e200000, 0x000000070e400000|  0%| F|  |TAMS 0x000000070e200000| PB 0x000000070e200000| Untracked |  0
|  96|0x000000070e400000, 0x000000070e400000, 0x000000070e600000|  0%| F|  |TAMS 0x000000070e400000| PB 0x000000070e400000| Untracked |  0
|  97|0x000000070e600000, 0x000000070e600000, 0x000000070e800000|  0%| F|  |TAMS 0x000000070e600000| PB 0x000000070e600000| Untracked |  0
|  98|0x000000070e800000, 0x000000070e800000, 0x000000070ea00000|  0%| F|  |TAMS 0x000000070e800000| PB 0x000000070e800000| Untracked |  0
|  99|0x000000070ea00000, 0x000000070ea00000, 0x000000070ec00000|  0%| F|  |TAMS 0x000000070ea00000| PB 0x000000070ea00000| Untracked |  0
| 100|0x000000070ec00000, 0x000000070ec00000, 0x000000070ee00000|  0%| F|  |TAMS 0x000000070ec00000| PB 0x000000070ec00000| Untracked |  0
| 101|0x000000070ee00000, 0x000000070ee00000, 0x000000070f000000|  0%| F|  |TAMS 0x000000070ee00000| PB 0x000000070ee00000| Untracked |  0
| 102|0x000000070f000000, 0x000000070f000000, 0x000000070f200000|  0%| F|  |TAMS 0x000000070f000000| PB 0x000000070f000000| Untracked |  0
| 103|0x000000070f200000, 0x000000070f200000, 0x000000070f400000|  0%| F|  |TAMS 0x000000070f200000| PB 0x000000070f200000| Untracked |  0
| 104|0x000000070f400000, 0x000000070f400000, 0x000000070f600000|  0%| F|  |TAMS 0x000000070f400000| PB 0x000000070f400000| Untracked |  0
| 105|0x000000070f600000, 0x000000070f600000, 0x000000070f800000|  0%| F|  |TAMS 0x000000070f600000| PB 0x000000070f600000| Untracked |  0
| 106|0x000000070f800000, 0x000000070f800000, 0x000000070fa00000|  0%| F|  |TAMS 0x000000070f800000| PB 0x000000070f800000| Untracked |  0
| 107|0x000000070fa00000, 0x000000070fa00000, 0x000000070fc00000|  0%| F|  |TAMS 0x000000070fa00000| PB 0x000000070fa00000| Untracked |  0
| 108|0x000000070fc00000, 0x000000070fc00000, 0x000000070fe00000|  0%| F|  |TAMS 0x000000070fc00000| PB 0x000000070fc00000| Untracked |  0
| 109|0x000000070fe00000, 0x000000070fe00000, 0x0000000710000000|  0%| F|  |TAMS 0x000000070fe00000| PB 0x000000070fe00000| Untracked |  0
| 110|0x0000000710000000, 0x0000000710000000, 0x0000000710200000|  0%| F|  |TAMS 0x0000000710000000| PB 0x0000000710000000| Untracked |  0
| 111|0x0000000710200000, 0x0000000710200000, 0x0000000710400000|  0%| F|  |TAMS 0x0000000710200000| PB 0x0000000710200000| Untracked |  0
| 112|0x0000000710400000, 0x0000000710400000, 0x0000000710600000|  0%| F|  |TAMS 0x0000000710400000| PB 0x0000000710400000| Untracked |  0
| 113|0x0000000710600000, 0x0000000710600000, 0x0000000710800000|  0%| F|  |TAMS 0x0000000710600000| PB 0x0000000710600000| Untracked |  0
| 114|0x0000000710800000, 0x0000000710800000, 0x0000000710a00000|  0%| F|  |TAMS 0x0000000710800000| PB 0x0000000710800000| Untracked |  0
| 115|0x0000000710a00000, 0x0000000710b04c98, 0x0000000710c00000| 50%| S|CS|TAMS 0x0000000710a00000| PB 0x0000000710a00000| Complete |  0
| 116|0x0000000710c00000, 0x0000000710e00000, 0x0000000710e00000|100%| S|CS|TAMS 0x0000000710c00000| PB 0x0000000710c00000| Complete |  0
| 117|0x0000000710e00000, 0x0000000710e00000, 0x0000000711000000|  0%| F|  |TAMS 0x0000000710e00000| PB 0x0000000710e00000| Untracked |  0
| 118|0x0000000711000000, 0x0000000711000000, 0x0000000711200000|  0%| F|  |TAMS 0x0000000711000000| PB 0x0000000711000000| Untracked |  0
| 119|0x0000000711200000, 0x0000000711200000, 0x0000000711400000|  0%| F|  |TAMS 0x0000000711200000| PB 0x0000000711200000| Untracked |  0
| 120|0x0000000711400000, 0x0000000711400000, 0x0000000711600000|  0%| F|  |TAMS 0x0000000711400000| PB 0x0000000711400000| Untracked |  0
| 121|0x0000000711600000, 0x0000000711600000, 0x0000000711800000|  0%| F|  |TAMS 0x0000000711600000| PB 0x0000000711600000| Untracked |  0
| 122|0x0000000711800000, 0x0000000711932d10, 0x0000000711a00000| 59%| E|  |TAMS 0x0000000711800000| PB 0x0000000711800000| Complete |  0
| 123|0x0000000711a00000, 0x0000000711c00000, 0x0000000711c00000|100%| E|CS|TAMS 0x0000000711a00000| PB 0x0000000711a00000| Complete |  0
| 124|0x0000000711c00000, 0x0000000711e00000, 0x0000000711e00000|100%| E|CS|TAMS 0x0000000711c00000| PB 0x0000000711c00000| Complete |  0
| 125|0x0000000711e00000, 0x0000000712000000, 0x0000000712000000|100%| E|CS|TAMS 0x0000000711e00000| PB 0x0000000711e00000| Complete |  0
| 126|0x0000000712000000, 0x0000000712200000, 0x0000000712200000|100%| E|CS|TAMS 0x0000000712000000| PB 0x0000000712000000| Complete |  0

Card table byte_map: [0x0000018a5e5f0000,0x0000018a5ede0000] _byte_map_base: 0x0000018a5adde000

Marking Bits: (CMBitMap*) 0x0000018a4ac8eff0
 Bits: [0x0000018a5ede0000, 0x0000018a62d50000)

Polling page: 0x0000018a48af0000

Metaspace:

Usage:
  Non-class:     14.63 MB used.
      Class:      2.09 MB used.
       Both:     16.72 MB used.

Virtual space:
  Non-class space:       64.00 MB reserved,      14.88 MB ( 23%) committed,  1 nodes.
      Class space:        1.00 GB reserved,       2.25 MB ( <1%) committed,  1 nodes.
             Both:        1.06 GB reserved,      17.12 MB (  2%) committed. 

Chunk freelists:
   Non-Class:  1.11 MB
       Class:  13.75 MB
        Both:  14.86 MB

MaxMetaspaceSize: unlimited
CompressedClassSpaceSize: 1.00 GB
Initial GC threshold: 21.00 MB
Current GC threshold: 21.00 MB
CDS: on
 - commit_granule_bytes: 65536.
 - commit_granule_words: 8192.
 - virtual_space_node_default_size: 8388608.
 - enlarge_chunks_in_place: 1.
 - use_allocation_guard: 0.


Internal statistics:

num_allocs_failed_limit: 0.
num_arena_births: 406.
num_arena_deaths: 0.
num_vsnodes_births: 2.
num_vsnodes_deaths: 0.
num_space_committed: 274.
num_space_uncommitted: 0.
num_chunks_returned_to_freelist: 0.
num_chunks_taken_from_freelist: 834.
num_chunk_merges: 0.
num_chunk_splits: 497.
num_chunks_enlarged: 298.
num_inconsistent_stats: 0.

CodeHeap 'non-profiled nmethods': size=120064Kb used=847Kb max_used=847Kb free=119217Kb
 bounds [0x0000018a56590000, 0x0000018a56800000, 0x0000018a5dad0000]
CodeHeap 'profiled nmethods': size=120000Kb used=3509Kb max_used=3509Kb free=116490Kb
 bounds [0x0000018a4ead0000, 0x0000018a4ee40000, 0x0000018a56000000]
CodeHeap 'non-nmethods': size=5696Kb used=1517Kb max_used=1564Kb free=4178Kb
 bounds [0x0000018a56000000, 0x0000018a56270000, 0x0000018a56590000]
CodeCache: size=245760Kb, used=5873Kb, max_used=5920Kb, free=239885Kb
 total_blobs=3172, nmethods=2573, adapters=504, full_count=0
Compilation: enabled, stopped_count=0, restarted_count=0

Compilation events (20 events):
Event: 11.707 Thread 0x0000018a65794230 2563       3       java.lang.StackTraceElement::length (13 bytes)
Event: 11.708 Thread 0x0000018a6578d750 2565       4       java.util.regex.Pattern$Slice::match (79 bytes)
Event: 11.708 Thread 0x0000018a65794230 nmethod 2563 0x0000018a4ee35e08 code [0x0000018a4ee35f40, 0x0000018a4ee36190]
Event: 11.708 Thread 0x0000018a65794230 2566  s    3       java.lang.StringBuffer::append (13 bytes)
Event: 11.708 Thread 0x0000018a65794230 nmethod 2566 0x0000018a4ee36208 code [0x0000018a4ee36340, 0x0000018a4ee36620]
Event: 11.708 Thread 0x0000018a65794230 2567       3       org.testng.shaded.com.google.gson.internal.bind.TypeAdapters$31::create (20 bytes)
Event: 11.708 Thread 0x0000018a65794230 nmethod 2567 0x0000018a4ee36688 code [0x0000018a4ee367a0, 0x0000018a4ee36950]
Event: 11.708 Thread 0x0000018a65794230 2568       3       org.testng.shaded.com.google.gson.stream.JsonWriter::string (171 bytes)
Event: 11.709 Thread 0x0000018a65794230 nmethod 2568 0x0000018a4ee36988 code [0x0000018a4ee36ba0, 0x0000018a4ee379d8]
Event: 11.709 Thread 0x0000018a65794230 2569       3       sun.nio.ch.Util::isBufferTooLarge (15 bytes)
Event: 11.709 Thread 0x0000018a65794230 nmethod 2569 0x0000018a4ee37a88 code [0x0000018a4ee37ba0, 0x0000018a4ee37ce8]
Event: 11.711 Thread 0x0000018a6578d750 nmethod 2565 0x0000018a56663008 code [0x0000018a56663140, 0x0000018a566634f8]
Event: 11.714 Thread 0x0000018a6578d750 2570       4       java.util.regex.Pattern$BmpCharPropertyGreedy::match (89 bytes)
Event: 11.717 Thread 0x0000018a65794230 2571       3       java.util.regex.Pattern::split (325 bytes)
Event: 11.719 Thread 0x0000018a6578d750 nmethod 2570 0x0000018a56663588 code [0x0000018a566636e0, 0x0000018a56663b50]
Event: 11.720 Thread 0x0000018a65794230 nmethod 2571 0x0000018a4ee37d88 code [0x0000018a4ee38300, 0x0000018a4ee3bd98]
Event: 11.720 Thread 0x0000018a65794230 2572       3       java.util.ImmutableCollections$SetN::<init> (90 bytes)
Event: 11.721 Thread 0x0000018a65794230 nmethod 2572 0x0000018a4ee3be88 code [0x0000018a4ee3c0a0, 0x0000018a4ee3ce00]
Event: 11.721 Thread 0x0000018a65794230 2573       3       java.util.zip.Inflater::<init> (28 bytes)
Event: 11.722 Thread 0x0000018a65794230 nmethod 2573 0x0000018a4ee3ce88 code [0x0000018a4ee3d000, 0x0000018a4ee3d4f0]

GC Heap History (4 events):
Event: 0.690 GC heap before
{Heap before GC invocations=0 (full 0):
 garbage-first heap   total reserved 4157440K, committed 260096K, used 24576K [0x0000000702400000, 0x0000000800000000)
  region size 2048K, 12 young (24576K), 0 survivors (0K)
 Metaspace       used 8702K, committed 8896K, reserved 1114112K
  class space    used 1075K, committed 1152K, reserved 1048576K
}
Event: 0.694 GC heap after
{Heap after GC invocations=1 (full 0):
 garbage-first heap   total reserved 4157440K, committed 260096K, used 5944K [0x0000000702400000, 0x0000000800000000)
  region size 2048K, 2 young (4096K), 2 survivors (4096K)
 Metaspace       used 8702K, committed 8896K, reserved 1114112K
  class space    used 1075K, committed 1152K, reserved 1048576K
}
Event: 1.811 GC heap before
{Heap before GC invocations=1 (full 0):
 garbage-first heap   total reserved 4157440K, committed 260096K, used 24376K [0x0000000702400000, 0x0000000800000000)
  region size 2048K, 12 young (24576K), 2 survivors (4096K)
 Metaspace       used 15915K, committed 16256K, reserved 1114112K
  class space    used 1991K, committed 2112K, reserved 1048576K
}
Event: 1.816 GC heap after
{Heap after GC invocations=2 (full 0):
 garbage-first heap   total reserved 4157440K, committed 260096K, used 9235K [0x0000000702400000, 0x0000000800000000)
  region size 2048K, 2 young (4096K), 2 survivors (4096K)
 Metaspace       used 15915K, committed 16256K, reserved 1114112K
  class space    used 1991K, committed 2112K, reserved 1048576K
}

Dll operation events (8 events):
Event: 0.007 Loaded shared library C:\Users\admin\.p2\pool\plugins\org.eclipse.justj.openjdk.hotspot.jre.full.win32.x86_64_23.0.1.v20241024-1700\jre\bin\java.dll
Event: 0.062 Loaded shared library C:\Users\admin\.p2\pool\plugins\org.eclipse.justj.openjdk.hotspot.jre.full.win32.x86_64_23.0.1.v20241024-1700\jre\bin\net.dll
Event: 0.064 Loaded shared library C:\Users\admin\.p2\pool\plugins\org.eclipse.justj.openjdk.hotspot.jre.full.win32.x86_64_23.0.1.v20241024-1700\jre\bin\nio.dll
Event: 0.069 Loaded shared library C:\Users\admin\.p2\pool\plugins\org.eclipse.justj.openjdk.hotspot.jre.full.win32.x86_64_23.0.1.v20241024-1700\jre\bin\zip.dll
Event: 0.071 Loaded shared library C:\Users\admin\.p2\pool\plugins\org.eclipse.justj.openjdk.hotspot.jre.full.win32.x86_64_23.0.1.v20241024-1700\jre\bin\zip.dll
Event: 0.234 Loaded shared library C:\Users\admin\.p2\pool\plugins\org.eclipse.justj.openjdk.hotspot.jre.full.win32.x86_64_23.0.1.v20241024-1700\jre\bin\jimage.dll
Event: 0.301 Loaded shared library C:\Users\admin\.p2\pool\plugins\org.eclipse.justj.openjdk.hotspot.jre.full.win32.x86_64_23.0.1.v20241024-1700\jre\bin\extnet.dll
Event: 0.856 Loaded shared library C:\Users\admin\.p2\pool\plugins\org.eclipse.justj.openjdk.hotspot.jre.full.win32.x86_64_23.0.1.v20241024-1700\jre\bin\sunmscapi.dll

Deoptimization events (20 events):
Event: 0.930 Thread 0x0000018a4511a8b0 Uncommon trap: trap_request=0xffffff45 fr.pc=0x0000018a565e187c relative=0x00000000000001bc
Event: 0.930 Thread 0x0000018a4511a8b0 Uncommon trap: reason=unstable_if action=reinterpret pc=0x0000018a565e187c method=java.lang.invoke.VarHandle.checkAccessModeThenIsDirect(Ljava/lang/invoke/VarHandle$AccessDescriptor;)Z @ 4 c2
Event: 0.930 Thread 0x0000018a4511a8b0 DEOPT PACKING pc=0x0000018a565e187c sp=0x000000805a0fe920
Event: 0.930 Thread 0x0000018a4511a8b0 DEOPT UNPACKING pc=0x0000018a56054402 sp=0x000000805a0fe858 mode 2
Event: 1.805 Thread 0x0000018a48a082e0 Uncommon trap: trap_request=0xffffff45 fr.pc=0x0000018a56602584 relative=0x0000000000000f84
Event: 1.805 Thread 0x0000018a48a082e0 Uncommon trap: reason=unstable_if action=reinterpret pc=0x0000018a56602584 method=java.util.concurrent.ConcurrentHashMap.putVal(Ljava/lang/Object;Ljava/lang/Object;Z)Ljava/lang/Object; @ 231 c2
Event: 1.805 Thread 0x0000018a48a082e0 DEOPT PACKING pc=0x0000018a56602584 sp=0x0000008057ffddc0
Event: 1.805 Thread 0x0000018a48a082e0 DEOPT UNPACKING pc=0x0000018a56054402 sp=0x0000008057ffdd30 mode 2
Event: 7.174 Thread 0x0000018a48a082e0 Uncommon trap: trap_request=0xffffff45 fr.pc=0x0000018a5665baac relative=0x000000000000026c
Event: 7.174 Thread 0x0000018a48a082e0 Uncommon trap: reason=unstable_if action=reinterpret pc=0x0000018a5665baac method=java.util.regex.Pattern$Slice.match(Ljava/util/regex/Matcher;ILjava/lang/CharSequence;)Z @ 54 c2
Event: 7.174 Thread 0x0000018a48a082e0 DEOPT PACKING pc=0x0000018a5665baac sp=0x0000008057ffd2c0
Event: 7.174 Thread 0x0000018a48a082e0 DEOPT UNPACKING pc=0x0000018a56054402 sp=0x0000008057ffd260 mode 2
Event: 7.235 Thread 0x0000018a4511a8b0 Uncommon trap: trap_request=0xffffffde fr.pc=0x0000018a56655a90 relative=0x0000000000000b30
Event: 7.235 Thread 0x0000018a4511a8b0 Uncommon trap: reason=class_check action=maybe_recompile pc=0x0000018a56655a90 method=java.io.BufferedInputStream.implRead([BII)I @ 100 c2
Event: 7.235 Thread 0x0000018a4511a8b0 DEOPT PACKING pc=0x0000018a56655a90 sp=0x000000805a0fec70
Event: 7.235 Thread 0x0000018a4511a8b0 DEOPT UNPACKING pc=0x0000018a56054402 sp=0x000000805a0fec38 mode 2
Event: 11.719 Thread 0x0000018a48a082e0 Uncommon trap: trap_request=0xffffff45 fr.pc=0x0000018a5665c818 relative=0x0000000000000178
Event: 11.719 Thread 0x0000018a48a082e0 Uncommon trap: reason=unstable_if action=reinterpret pc=0x0000018a5665c818 method=java.util.regex.Pattern$Start.match(Ljava/util/regex/Matcher;ILjava/lang/CharSequence;)Z @ 10 c2
Event: 11.719 Thread 0x0000018a48a082e0 DEOPT PACKING pc=0x0000018a5665c818 sp=0x0000008057ffe3d0
Event: 11.719 Thread 0x0000018a48a082e0 DEOPT UNPACKING pc=0x0000018a56054402 sp=0x0000008057ffe350 mode 2

Classes loaded (20 events):
Event: 11.713 Loading class sun/util/locale/provider/TimeZoneNameUtility$TimeZoneNameGetter done
Event: 11.713 Loading class sun/util/cldr/CLDRTimeZoneNameProviderImpl
Event: 11.714 Loading class sun/util/locale/provider/TimeZoneNameProviderImpl
Event: 11.714 Loading class sun/util/locale/provider/TimeZoneNameProviderImpl done
Event: 11.714 Loading class sun/util/cldr/CLDRTimeZoneNameProviderImpl done
Event: 11.717 Loading class sun/util/locale/provider/FallbackLocaleProviderAdapter
Event: 11.717 Loading class sun/util/locale/provider/FallbackLocaleProviderAdapter done
Event: 11.718 Loading class sun/util/locale/provider/BaseLocaleDataMetaInfo
Event: 11.718 Loading class sun/util/locale/provider/BaseLocaleDataMetaInfo done
Event: 11.719 Loading class sun/util/resources/cldr/TimeZoneNames
Event: 11.719 Loading class sun/util/resources/TimeZoneNamesBundle
Event: 11.719 Loading class sun/util/resources/OpenListResourceBundle
Event: 11.719 Loading class sun/util/resources/OpenListResourceBundle done
Event: 11.719 Loading class sun/util/resources/TimeZoneNamesBundle done
Event: 11.719 Loading class sun/util/resources/cldr/TimeZoneNames done
Event: 11.719 Loading class sun/util/resources/cldr/TimeZoneNames_en
Event: 11.721 Loading class sun/util/resources/cldr/TimeZoneNames_en done
Event: 11.721 Loading class sun/util/resources/cldr/TimeZoneNames_en_US
Event: 11.721 Loading class sun/util/resources/cldr/TimeZoneNames_en_US done
Event: 11.722 Loading class sun/util/cldr/CLDRBaseLocaleDataMetaInfo$CLDRMapHolder

Classes unloaded (0 events):
No events

Classes redefined (0 events):
No events

Internal exceptions (20 events):
Event: 0.915 Thread 0x0000018a48a082e0 Exception <a 'java/lang/NoSuchMethodError'{0x00000007114997a0}: 'void java.lang.invoke.DirectMethodHandle$Holder.invokeStatic(java.lang.Object, long)'> (0x00000007114997a0) 
thrown [s\src\hotspot\share\interpreter\linkResolver.cpp, line 796]
Event: 0.915 Thread 0x0000018a48a082e0 Exception <a 'java/lang/NoSuchMethodError'{0x000000071149e588}: 'java.lang.Object java.lang.invoke.DirectMethodHandle$Holder.newInvokeSpecial(java.lang.Object, long)'> (0x000000071149e588) 
thrown [s\src\hotspot\share\interpreter\linkResolver.cpp, line 796]
Event: 0.917 Thread 0x0000018a48a082e0 Exception <a 'java/lang/NoSuchMethodError'{0x00000007114a49f0}: 'java.lang.Object java.lang.invoke.DirectMethodHandle$Holder.invokeStatic(java.lang.Object, long, java.lang.Object)'> (0x00000007114a49f0) 
thrown [s\src\hotspot\share\interpreter\linkResolver.cpp, line 796]
Event: 0.917 Thread 0x0000018a48a082e0 Exception <a 'java/lang/NoSuchMethodError'{0x00000007114a81c0}: 'java.lang.Object java.lang.invoke.DirectMethodHandle$Holder.invokeStaticInit(java.lang.Object, long, java.lang.Object)'> (0x00000007114a81c0) 
thrown [s\src\hotspot\share\interpreter\linkResolver.cpp, line 796]
Event: 0.931 Thread 0x0000018a4511a8b0 Exception <a 'java/net/ConnectException'{0x000000071153df28}: Connection refused: getsockopt> (0x000000071153df28) 
thrown [s\src\hotspot\share\prims\jni.cpp, line 539]
Event: 0.946 Thread 0x0000018a4511a8b0 Exception <a 'java/net/ConnectException'{0x000000071153f080}: Connection refused: getsockopt> (0x000000071153f080) 
thrown [s\src\hotspot\share\prims\jni.cpp, line 539]
Event: 0.992 Thread 0x0000018a48a082e0 Exception <a 'java/lang/NoSuchMethodError'{0x00000007115aaf30}: 'double java.lang.invoke.DirectMethodHandle$Holder.invokeVirtual(java.lang.Object, java.lang.Object)'> (0x00000007115aaf30) 
thrown [s\src\hotspot\share\interpreter\linkResolver.cpp, line 796]
Event: 0.992 Thread 0x0000018a48a082e0 Exception <a 'java/lang/NoSuchMethodError'{0x00000007115b1130}: 'float java.lang.invoke.DirectMethodHandle$Holder.invokeVirtual(java.lang.Object, java.lang.Object)'> (0x00000007115b1130) 
thrown [s\src\hotspot\share\interpreter\linkResolver.cpp, line 796]
Event: 0.993 Thread 0x0000018a48a082e0 Exception <a 'java/lang/NoSuchMethodError'{0x00000007115b94b8}: 'long java.lang.invoke.DirectMethodHandle$Holder.invokeVirtual(java.lang.Object, java.lang.Object)'> (0x00000007115b94b8) 
thrown [s\src\hotspot\share\interpreter\linkResolver.cpp, line 796]
Event: 0.998 Thread 0x0000018a48a082e0 Exception <a 'java/lang/NoSuchMethodError'{0x00000007115e67e8}: 'java.lang.Object java.lang.invoke.DirectMethodHandle$Holder.invokeVirtual(java.lang.Object, java.lang.Object, java.lang.Object)'> (0x00000007115e67e8) 
thrown [s\src\hotspot\share\interpreter\linkResolver.cpp, line 796]
Event: 1.017 Thread 0x0000018a48a082e0 Exception <a 'java/lang/NoSuchMethodError'{0x00000007112a0a58}: 'java.lang.Object java.lang.invoke.DirectMethodHandle$Holder.newInvokeSpecial(java.lang.Object, java.lang.Object, int, int)'> (0x00000007112a0a58) 
thrown [s\src\hotspot\share\interpreter\linkResolver.cpp, line 796]
Event: 1.018 Thread 0x0000018a48a082e0 Exception <a 'java/lang/NoSuchMethodError'{0x00000007112ab1c0}: 'void java.lang.invoke.DirectMethodHandle$Holder.invokeStatic(java.lang.Object, java.lang.Object, int)'> (0x00000007112ab1c0) 
thrown [s\src\hotspot\share\interpreter\linkResolver.cpp, line 796]
Event: 1.060 Thread 0x0000018a463fd610 Exception <a 'java/lang/NoSuchMethodError'{0x00000007110a0058}: 'java.lang.Object java.lang.invoke.DirectMethodHandle$Holder.invokeSpecial(java.lang.Object, java.lang.Object, java.lang.Object, java.lang.Object, int)'> (0x00000007110a0058) 
thrown [s\src\hotspot\share\interpreter\linkResolver.cpp, line 796]
Event: 1.060 Thread 0x0000018a463fd610 Exception <a 'java/lang/NoSuchMethodError'{0x00000007110a3c08}: 'java.lang.Object java.lang.invoke.Invokers$Holder.linkToTargetMethod(java.lang.Object, java.lang.Object, int, java.lang.Object)'> (0x00000007110a3c08) 
thrown [s\src\hotspot\share\interpreter\linkResolver.cpp, line 796]
Event: 1.081 Thread 0x0000018a4511c2f0 Exception <a 'java/lang/NoSuchMethodError'{0x00000007117fb0f8}: 'int java.lang.invoke.DirectMethodHandle$Holder.invokeStatic(java.lang.Object, int, java.lang.Object)'> (0x00000007117fb0f8) 
thrown [s\src\hotspot\share\interpreter\linkResolver.cpp, line 796]
Event: 1.760 Thread 0x0000018a463f9b00 Exception <a 'java/lang/NoSuchMethodError'{0x0000000710e63218}: 'void java.lang.invoke.DirectMethodHandle$Holder.invokeSpecial(java.lang.Object, java.lang.Object, java.lang.Object, java.lang.Object, java.lang.Object, java.lang.Object, java.lang.Object)'> (0x0000000710e63218) 
thrown [s\src\hotspot\share\interpreter\linkResolver.cpp, line 796]
Event: 1.777 Thread 0x0000018a48a082e0 Exception <a 'java/lang/NoSuchMethodError'{0x0000000710ecbf98}: 'java.lang.Object java.lang.invoke.DirectMethodHandle$Holder.invokeSpecialIFC(java.lang.Object, java.lang.Object, java.lang.Object)'> (0x0000000710ecbf98) 
thrown [s\src\hotspot\share\interpreter\linkResolver.cpp, line 796]
Event: 1.871 Thread 0x0000018a48a082e0 Exception <a 'java/lang/ClassNotFoundException'{0x0000000711f9e798}: sun/util/logging/resources/spi/loggingProvider> (0x0000000711f9e798) 
thrown [s\src\hotspot\share\classfile\systemDictionary.cpp, line 313]
Event: 7.180 Thread 0x0000018a4511a8b0 Exception <a 'java/net/ConnectException'{0x0000000711acf4a0}: Connection refused: getsockopt> (0x0000000711acf4a0) 
thrown [s\src\hotspot\share\prims\jni.cpp, line 539]
Event: 7.201 Thread 0x0000018a4511a8b0 Exception <a 'java/net/ConnectException'{0x0000000711ad04a0}: Connection refused: getsockopt> (0x0000000711ad04a0) 
thrown [s\src\hotspot\share\prims\jni.cpp, line 539]

VM Operations (20 events):
Event: 0.690 Executing VM operation: G1CollectForAllocation (G1 Evacuation Pause)
Event: 0.694 Executing VM operation: G1CollectForAllocation (G1 Evacuation Pause) done
Event: 0.726 Executing VM operation: HandshakeAllThreads (Deoptimize)
Event: 0.726 Executing VM operation: HandshakeAllThreads (Deoptimize) done
Event: 0.751 Executing VM operation: HandshakeAllThreads (Deoptimize)
Event: 0.751 Executing VM operation: HandshakeAllThreads (Deoptimize) done
Event: 0.787 Executing VM operation: HandshakeAllThreads (Deoptimize)
Event: 0.787 Executing VM operation: HandshakeAllThreads (Deoptimize) done
Event: 0.920 Executing VM operation: HandshakeAllThreads (Deoptimize)
Event: 0.920 Executing VM operation: HandshakeAllThreads (Deoptimize) done
Event: 0.982 Executing VM operation: HandshakeAllThreads (Deoptimize)
Event: 0.982 Executing VM operation: HandshakeAllThreads (Deoptimize) done
Event: 1.739 Executing VM operation: HandshakeAllThreads (Deoptimize)
Event: 1.739 Executing VM operation: HandshakeAllThreads (Deoptimize) done
Event: 1.742 Executing VM operation: HandshakeAllThreads (Deoptimize)
Event: 1.742 Executing VM operation: HandshakeAllThreads (Deoptimize) done
Event: 1.811 Executing VM operation: G1CollectForAllocation (G1 Evacuation Pause)
Event: 1.816 Executing VM operation: G1CollectForAllocation (G1 Evacuation Pause) done
Event: 1.862 Executing VM operation: HandshakeAllThreads (Deoptimize)
Event: 1.862 Executing VM operation: HandshakeAllThreads (Deoptimize) done

Memory protections (0 events):
No events

Nmethod flushes (0 events):
No events

Events (20 events):
Event: 1.737 Thread 0x0000018a45218b00 Thread exited: 0x0000018a45218b00
Event: 1.820 Thread 0x0000018a48a082e0 Thread added: 0x0000018a463f80c0
Event: 1.820 Thread 0x0000018a48a082e0 Thread added: 0x0000018a463fb540
Event: 1.822 Thread 0x0000018a463f80c0 Thread added: 0x0000018a463fbbd0
Event: 1.822 Thread 0x0000018a463f80c0 Thread added: 0x0000018a463faeb0
Event: 1.822 Thread 0x0000018a463f80c0 Thread added: 0x0000018a463fc260
Event: 1.879 Thread 0x0000018a6578d750 Thread added: 0x0000018a46424570
Event: 4.855 Thread 0x0000018a46424570 Thread exited: 0x0000018a46424570
Event: 7.174 Thread 0x0000018a48a082e0 Thread added: 0x0000018a463f7a30
Event: 7.178 Thread 0x0000018a48a082e0 Thread added: 0x0000018a463fcf80
Event: 7.179 Thread 0x0000018a48a082e0 Thread added: 0x0000018a463f73a0
Event: 7.179 Thread 0x0000018a48a082e0 Thread added: 0x0000018a463f6680
Event: 7.240 Thread 0x0000018a48a082e0 Thread added: 0x0000018a463f8750
Event: 7.242 Thread 0x0000018a463f7a30 Thread added: 0x0000018a463fdca0
Event: 7.243 Thread 0x0000018a463f7a30 Thread added: 0x0000018a4578c460
Event: 7.877 Thread 0x0000018a48a082e0 Thread added: 0x0000018a4578e530
Event: 7.877 Thread 0x0000018a48a082e0 Thread added: 0x0000018a4578b0b0
Event: 7.880 Thread 0x0000018a4578e530 Thread added: 0x0000018a457875a0
Event: 7.880 Thread 0x0000018a4578e530 Thread added: 0x0000018a4578caf0
Event: 7.880 Thread 0x0000018a4578e530 Thread added: 0x0000018a45788fe0


Dynamic libraries:
0x00007ff770020000 - 0x00007ff77002e000 	C:\Users\admin\.p2\pool\plugins\org.eclipse.justj.openjdk.hotspot.jre.full.win32.x86_64_23.0.1.v20241024-1700\jre\bin\javaw.exe
0x00007fff4dc70000 - 0x00007fff4de68000 	C:\Windows\SYSTEM32\ntdll.dll
0x00007fff4d9b0000 - 0x00007fff4da72000 	C:\Windows\System32\KERNEL32.DLL
0x00007fff4b310000 - 0x00007fff4b60e000 	C:\Windows\System32\KERNELBASE.dll
0x00007fff4b7a0000 - 0x00007fff4b8a0000 	C:\Windows\System32\ucrtbase.dll
0x00007fff3fce0000 - 0x00007fff3fcfe000 	C:\Users\admin\.p2\pool\plugins\org.eclipse.justj.openjdk.hotspot.jre.full.win32.x86_64_23.0.1.v20241024-1700\jre\bin\VCRUNTIME140.dll
0x00007fff40240000 - 0x00007fff40257000 	C:\Users\admin\.p2\pool\plugins\org.eclipse.justj.openjdk.hotspot.jre.full.win32.x86_64_23.0.1.v20241024-1700\jre\bin\jli.dll
0x00007fff4ce10000 - 0x00007fff4cfad000 	C:\Windows\System32\USER32.dll
0x00007fff4bc10000 - 0x00007fff4bc32000 	C:\Windows\System32\win32u.dll
0x00007fff2e440000 - 0x00007fff2e6da000 	C:\Windows\WinSxS\amd64_microsoft.windows.common-controls_6595b64144ccf1df_6.0.19041.4355_none_60b8b9eb71f62e16\COMCTL32.dll
0x00007fff4c810000 - 0x00007fff4c83b000 	C:\Windows\System32\GDI32.dll
0x00007fff4c8d0000 - 0x00007fff4c96e000 	C:\Windows\System32\msvcrt.dll
0x00007fff4baf0000 - 0x00007fff4bc07000 	C:\Windows\System32\gdi32full.dll
0x00007fff4b8a0000 - 0x00007fff4b93d000 	C:\Windows\System32\msvcp_win.dll
0x00007fff4bc90000 - 0x00007fff4bcbf000 	C:\Windows\System32\IMM32.DLL
0x00007fff44b70000 - 0x00007fff44b7c000 	C:\Users\admin\.p2\pool\plugins\org.eclipse.justj.openjdk.hotspot.jre.full.win32.x86_64_23.0.1.v20241024-1700\jre\bin\vcruntime140_1.dll
0x00007fff27790000 - 0x00007fff2781d000 	C:\Users\admin\.p2\pool\plugins\org.eclipse.justj.openjdk.hotspot.jre.full.win32.x86_64_23.0.1.v20241024-1700\jre\bin\msvcp140.dll
0x00007ffeeeba0000 - 0x00007ffeef96d000 	C:\Users\admin\.p2\pool\plugins\org.eclipse.justj.openjdk.hotspot.jre.full.win32.x86_64_23.0.1.v20241024-1700\jre\bin\server\jvm.dll
0x00007fff4d760000 - 0x00007fff4d811000 	C:\Windows\System32\ADVAPI32.dll
0x00007fff4bda0000 - 0x00007fff4be3f000 	C:\Windows\System32\sechost.dll
0x00007fff4be40000 - 0x00007fff4bf63000 	C:\Windows\System32\RPCRT4.dll
0x00007fff4b770000 - 0x00007fff4b797000 	C:\Windows\System32\bcrypt.dll
0x00007fff4d060000 - 0x00007fff4d0cb000 	C:\Windows\System32\WS2_32.dll
0x00007fff4b0c0000 - 0x00007fff4b10b000 	C:\Windows\SYSTEM32\POWRPROF.dll
0x00007fff3eaa0000 - 0x00007fff3eac7000 	C:\Windows\SYSTEM32\WINMM.dll
0x00007fff44d60000 - 0x00007fff44d6a000 	C:\Windows\SYSTEM32\VERSION.dll
0x00007fff4b0a0000 - 0x00007fff4b0b2000 	C:\Windows\SYSTEM32\UMPDC.dll
0x00007fff49b30000 - 0x00007fff49b42000 	C:\Windows\SYSTEM32\kernel.appcore.dll
0x00007fff47300000 - 0x00007fff4730a000 	C:\Users\admin\.p2\pool\plugins\org.eclipse.justj.openjdk.hotspot.jre.full.win32.x86_64_23.0.1.v20241024-1700\jre\bin\jimage.dll
0x00007fff48f30000 - 0x00007fff49114000 	C:\Windows\SYSTEM32\DBGHELP.DLL
0x00007fff43680000 - 0x00007fff436b4000 	C:\Windows\SYSTEM32\dbgcore.DLL
0x00007fff4b9b0000 - 0x00007fff4ba32000 	C:\Windows\System32\bcryptPrimitives.dll
0x00007fff3fb90000 - 0x00007fff3fbae000 	C:\Users\admin\.p2\pool\plugins\org.eclipse.justj.openjdk.hotspot.jre.full.win32.x86_64_23.0.1.v20241024-1700\jre\bin\java.dll
0x00007fff4c6e0000 - 0x00007fff4c80b000 	C:\Windows\System32\ole32.dll
0x00007fff4d1a0000 - 0x00007fff4d4f3000 	C:\Windows\System32\combase.dll
0x00007fff4bf70000 - 0x00007fff4c6dd000 	C:\Windows\System32\SHELL32.dll
0x00007fff49370000 - 0x00007fff49b14000 	C:\Windows\SYSTEM32\windows.storage.dll
0x00007fff4acd0000 - 0x00007fff4acfe000 	C:\Windows\SYSTEM32\Wldp.dll
0x00007fff4d0d0000 - 0x00007fff4d19d000 	C:\Windows\System32\OLEAUT32.dll
0x00007fff4d8a0000 - 0x00007fff4d94d000 	C:\Windows\System32\SHCORE.dll
0x00007fff4d580000 - 0x00007fff4d5d5000 	C:\Windows\System32\shlwapi.dll
0x00007fff4b240000 - 0x00007fff4b264000 	C:\Windows\SYSTEM32\profapi.dll
0x00007fff45260000 - 0x00007fff45270000 	C:\Users\admin\.p2\pool\plugins\org.eclipse.justj.openjdk.hotspot.jre.full.win32.x86_64_23.0.1.v20241024-1700\jre\bin\net.dll
0x00007fff4a9d0000 - 0x00007fff4aa3a000 	C:\Windows\system32\mswsock.dll
0x00007fff3e7c0000 - 0x00007fff3e7d6000 	C:\Users\admin\.p2\pool\plugins\org.eclipse.justj.openjdk.hotspot.jre.full.win32.x86_64_23.0.1.v20241024-1700\jre\bin\nio.dll
0x00007fff3fcb0000 - 0x00007fff3fcc7000 	C:\Users\admin\.p2\pool\plugins\org.eclipse.justj.openjdk.hotspot.jre.full.win32.x86_64_23.0.1.v20241024-1700\jre\bin\zip.dll
0x00007fff4a6f0000 - 0x00007fff4a7ba000 	C:\Windows\SYSTEM32\DNSAPI.dll
0x00007fff4a6b0000 - 0x00007fff4a6eb000 	C:\Windows\SYSTEM32\IPHLPAPI.DLL
0x00007fff4ce00000 - 0x00007fff4ce08000 	C:\Windows\System32\NSI.dll
0x00007fff30890000 - 0x00007fff3089a000 	C:\Windows\System32\rasadhlp.dll
0x00007fff308d0000 - 0x00007fff30950000 	C:\Windows\System32\fwpuclnt.dll
0x00007fff44b00000 - 0x00007fff44b09000 	C:\Users\admin\.p2\pool\plugins\org.eclipse.justj.openjdk.hotspot.jre.full.win32.x86_64_23.0.1.v20241024-1700\jre\bin\extnet.dll
0x00007fff4abd0000 - 0x00007fff4abe8000 	C:\Windows\SYSTEM32\CRYPTSP.dll
0x00007fff4a2f0000 - 0x00007fff4a324000 	C:\Windows\system32\rsaenh.dll
0x00007fff4b200000 - 0x00007fff4b22e000 	C:\Windows\SYSTEM32\USERENV.dll
0x00007fff4abc0000 - 0x00007fff4abcc000 	C:\Windows\SYSTEM32\CRYPTBASE.dll
0x00007fff44b60000 - 0x00007fff44b6e000 	C:\Users\admin\.p2\pool\plugins\org.eclipse.justj.openjdk.hotspot.jre.full.win32.x86_64_23.0.1.v20241024-1700\jre\bin\sunmscapi.dll
0x00007fff4b610000 - 0x00007fff4b76c000 	C:\Windows\System32\CRYPT32.dll
0x00007fff4ad40000 - 0x00007fff4ad67000 	C:\Windows\SYSTEM32\ncrypt.dll
0x00007fff4ad00000 - 0x00007fff4ad3b000 	C:\Windows\SYSTEM32\NTASN1.dll
0x00007fff404f0000 - 0x00007fff404f7000 	C:\Windows\system32\wshunix.dll

dbghelp: loaded successfully - version: 4.0.5 - missing functions: none
symbol engine: initialized successfully - sym options: 0x614 - pdb path: .;C:\Users\admin\.p2\pool\plugins\org.eclipse.justj.openjdk.hotspot.jre.full.win32.x86_64_23.0.1.v20241024-1700\jre\bin;C:\Windows\SYSTEM32;C:\Windows\WinSxS\amd64_microsoft.windows.common-controls_6595b64144ccf1df_6.0.19041.4355_none_60b8b9eb71f62e16;C:\Users\admin\.p2\pool\plugins\org.eclipse.justj.openjdk.hotspot.jre.full.win32.x86_64_23.0.1.v20241024-1700\jre\bin\server

VM Arguments:
jvm_args: -ea -Dfile.encoding=UTF-8 -Dstdout.encoding=UTF-8 -Dstderr.encoding=UTF-8 -XX:+ShowCodeDetailsInExceptionMessages 
java_command: org.testng.remote.RemoteTestNG -serport 51967 -protocol json -d E:\Eclipse workspace 12-2024\SeleniumIframe\test-output C:\PROGRA~1\KMSpico\temp\testng-eclipse--2105818260\testng-customsuite.xml
java_class_path (initial): C:\Users\admin\eclipse\java-2024-092\eclipse\configuration\org.eclipse.osgi\526\0\.cp\lib\testng-remote.jar;E:\Eclipse workspace 12-2024\SeleniumIframe\bin;F:\Selenium jar files\auto-service-annotations-1.1.1.jar;F:\Selenium jar files\auto-service-annotations-1.1.1-sources.jar;F:\Selenium jar files\byte-buddy-1.15.10.jar;F:\Selenium jar files\byte-buddy-1.15.10-sources.jar;F:\Selenium jar files\checker-qual-3.43.0.jar;F:\Selenium jar files\checker-qual-3.43.0-sources.jar;F:\Selenium jar files\commons-exec-1.4.0.jar;F:\Selenium jar files\commons-exec-1.4.0-sources.jar;F:\Selenium jar files\error_prone_annotations-2.28.0.jar;F:\Selenium jar files\error_prone_annotations-2.28.0-sources.jar;F:\Selenium jar files\failsafe-3.3.2.jar;F:\Selenium jar files\failsafe-3.3.2-sources.jar;F:\Selenium jar files\failureaccess-1.0.2.jar;F:\Selenium jar files\failureaccess-1.0.2-sources.jar;F:\Selenium jar files\guava-33.3.1-jre.jar;F:\Selenium jar files\guava-33.3.1-jre-sources.jar;F:\Selenium jar files\j2objc-annotations-3.0.0.jar;F:\Selenium jar files\j2objc-annotations-3.0.0-sources.jar;F:\Selenium jar files\jspecify-1.0.0.jar;F:\Selenium jar files\jspecify-1.0.0-sources.jar;F:\Selenium jar files\jsr305-3.0.2.jar;F:\Selenium jar files\jsr305-3.0.2-sources.jar;F:\Selenium jar files\listenablefuture-9999.0-empty-to-avoid-conflict-with-guava.jar;F:\Selenium jar files\opentelemetry-api-1.44.1.jar;F:\Selenium jar files\opentelemetry-api-1.44.1-sources.jar;F:\Selenium jar files\opentelemetry-api-incubator-1.44.1-alpha.jar;F:\Selenium jar files\opentelemetry-api-incubator-1.44.1-alpha-sources.jar;F:\Selenium jar files\opentelemetry-context-1.44.1.jar;F:\Selenium jar files\opentelemetry-context-1.44.1-sources.jar;F:\Selenium jar files\opentelemetry-exporter-logging-1.44.1.jar;F:\Selenium jar files\opentelemetry-exporter-logging-1.44.1-sources.jar;F:\Selenium jar files\opentelemetry-sdk-1.44.1.jar;F:\Selenium jar files\opentelemetry-sdk-1.44.1-sources.jar;F:\Selenium jar files\opentelemetry-sdk-common-1.44.1.jar;F:\Selenium jar files\opentelemetry-sdk-common-1.44.1-sources.jar;F:\Selenium jar files\opentelemetry-sdk-extension-autoconfigure-1.44.1.jar;F:\Selenium jar files\opentelemetry-sdk-extension-autoconfigure-1.44.1-sources.jar;F:\Selenium jar files\opentelemetry-sdk-extension-autoconfigure-spi-1.44.1.jar;F:\Selenium jar files\opentelemetry-sdk-extension-autoconfigure-spi-1.44.1-sources.jar;F:\Selenium jar files\opentelemetry-sdk-logs-1.44.1.jar;F:\Selenium jar files\opentelemetry-sdk-logs-1.44.1-sources.jar;F:\Selenium jar files\opentelemetry-sdk-metrics-1.44.1.jar;F:\Selenium jar files\opentelemetry-sdk-metrics-1.44.1-sources.jar;F:\Selenium jar files\opentelemetry-sdk-trace-1.44.1.jar;F:\Selenium jar files\opentelemetry-sdk-trace-1.44.1-sources.jar;F:\Selenium jar files\opentelemetry-semconv-1.25.0-alpha.jar;F:\Selenium jar files\opentelemetry-semconv-1.25.0-alpha-sources.jar;F:\Selenium jar files\selenium-api-4.27.0.jar;F:\Selenium jar files\selenium-api-4.27.0-sources.jar;F:\Selenium jar files\selenium-chrome-driver-4.27.0.jar;F:\Selenium jar files\selenium-chrome-driver-4.27.0-sources.jar;F:\Selenium jar files\selenium-chromium-driver-4.27.0.jar;F:\Selenium jar files\selenium-chromium-driver-4.27.0-sources.jar;F:\Selenium jar files\selenium-devtools-v85-4.27.0.jar;F:\Selenium jar files\selenium-devtools-v85-4.27.0-sources.jar;F:\Selenium jar files\selenium-devtools-v129-4.27.0.jar;F:\Selenium jar files\selenium-devtools-v129-4.27.0-sources.jar;F:\Selenium jar files\selenium-devtools-v130-4.27.0.jar;F:\Selenium jar files\selenium-devtools-v130-4.27.0-sources.jar;F:\Selenium jar files\selenium-devtools-v131-4.27.0.jar;F:\Selenium jar files\selenium-devtools-v131-4.27.0-sources.jar;F:\Selenium jar files\selenium-edge-driver-4.27.0.jar;F:\Selenium jar files\selenium-edge-driver-4.27.0-sources.jar;F:\Selenium jar files\selenium-firefox-driver-4.27.0.jar;F:\Selenium jar files\selenium-firefox-driver-4.27.0-sources.jar;F:\Selenium jar files\selenium-http-4.27.0.jar;F:\Selenium jar files\selenium-http-4.27.0-sources.jar;F:\Selenium jar files\selenium-ie-driver-4.27.0.jar;F:\Selenium jar files\selenium-ie-driver-4.27.0-sources.jar;F:\Selenium jar files\selenium-java-4.27.0.jar;F:\Selenium jar files\selenium-java-4.27.0-sources.jar;F:\Selenium jar files\selenium-json-4.27.0.jar;F:\Selenium jar files\selenium-json-4.27.0-sources.jar;F:\Selenium jar files\selenium-manager-4.27.0.jar;F:\Selenium jar files\selenium-manager-4.27.0-sources.jar;F:\Selenium jar files\selenium-os-4.27.0.jar;F:\Selenium jar files\selenium-os-4.27.0-sources.jar;F:\Selenium jar files\selenium-remote-driver-4.27.0.jar;F:\Selenium jar files\selenium-remote-driver-4.27.0-sources.jar;F:\Selenium jar files\selenium-safari-driver-4.27.0.jar;F:\Selenium jar files\selenium-safari-driver-4.27.0-sources.jar;F:\Selenium jar files\selenium-support-4.27.0.jar;F:\Selenium jar files\selenium-support-4.27.0-sources.jar;C:\Users\admin\Downloads\commons-io-2.18.0.jar;C:\Users\admin\Downloads\ashot-1.5.4.jar;C:\Users\admin\.p2\pool\plugins\org.testng_7.4.0.r202105021533.jar;C:\Users\admin\.p2\pool\plugins\com.beust.jcommander_1.78.0.jar;C:\Users\admin\.p2\pool\plugins\org.apache-extras.beanshell.bsh_2.0.0.b6.jar;C:\Users\admin\.p2\pool\plugins\org.yaml.snakeyaml_1.21.0.jar;C:\Users\admin\.p2\pool\plugins\org.webjars.jquery_3.5.1.jar
Launcher Type: SUN_STANDARD

[Global flags]
     intx CICompilerCount                          = 4                                         {product} {ergonomic}
     uint ConcGCThreads                            = 2                                         {product} {ergonomic}
     uint G1ConcRefinementThreads                  = 8                                         {product} {ergonomic}
   size_t G1HeapRegionSize                         = 2097152                                   {product} {ergonomic}
   size_t InitialHeapSize                          = 266338304                                 {product} {ergonomic}
   size_t MarkStackSize                            = 4194304                                   {product} {ergonomic}
   size_t MarkStackSizeMax                         = 536870912                                 {product} {ergonomic}
   size_t MaxHeapSize                              = 4257218560                                {product} {ergonomic}
   size_t MaxNewSize                               = 2554331136                                {product} {ergonomic}
   size_t MinHeapDeltaBytes                        = 2097152                                   {product} {ergonomic}
   size_t MinHeapSize                              = 8388608                                   {product} {ergonomic}
    uintx NonNMethodCodeHeapSize                   = 5832704                                {pd product} {ergonomic}
    uintx NonProfiledCodeHeapSize                  = 122945536                              {pd product} {ergonomic}
    uintx ProfiledCodeHeapSize                     = 122880000                              {pd product} {ergonomic}
    uintx ReservedCodeCacheSize                    = 251658240                              {pd product} {ergonomic}
     bool SegmentedCodeCache                       = true                                      {product} {ergonomic}
     bool ShowCodeDetailsInExceptionMessages       = true                                   {manageable} {command line}
   size_t SoftMaxHeapSize                          = 4257218560                             {manageable} {ergonomic}
     bool UseCompressedOops                        = true                           {product lp64_product} {ergonomic}
     bool UseG1GC                                  = true                                      {product} {ergonomic}
     bool UseLargePagesIndividualAllocation        = false                                  {pd product} {ergonomic}

Logging:
Log output configuration:
 #0: stdout all=warning uptime,level,tags foldmultilines=false
 #1: stderr all=off uptime,level,tags foldmultilines=false

Environment Variables:
PATH=C:/Users/admin/.p2/pool/plugins/org.eclipse.justj.openjdk.hotspot.jre.full.win32.x86_64_23.0.1.v20241024-1700/jre/bin/server;C:/Users/admin/.p2/pool/plugins/org.eclipse.justj.openjdk.hotspot.jre.full.win32.x86_64_23.0.1.v20241024-1700/jre/bin;C:\Program Files\Python313\Scripts\;C:\Program Files\Python313\;D:\Program Files\Java\jdk-20\bin;C:\Users\admin\AppData\Local\Microsoft\WindowsApps;;C:\Users\admin\eclipse\java-2024-092\eclipse;
USERNAME=admin
OS=Windows_NT
PROCESSOR_IDENTIFIER=Intel64 Family 6 Model 142 Stepping 12, GenuineIntel
TMP=C:\PROGRA~1\KMSpico\temp
TEMP=C:\PROGRA~1\KMSpico\temp




Periodic native trim disabled

---------------  S Y S T E M  ---------------

OS:
 Windows 10 , 64 bit Build 19041 (10.0.19041.5198)
OS uptime: 52 days 20:27 hours

CPU: total 8 (initial active 8) (4 cores per cpu, 2 threads per core) family 6 model 142 stepping 12 microcode 0xde, cx8, cmov, fxsr, ht, mmx, 3dnowpref, sse, sse2, sse3, ssse3, sse4.1, sse4.2, popcnt, lzcnt, tsc, tscinvbit, avx, avx2, aes, erms, clmul, bmi1, bmi2, adx, fma, vzeroupper, clflush, clflushopt, rdtscp, f16c
Processor Information for the first 8 processors :
  Max Mhz: 1800, Current Mhz: 1600, Mhz Limit: 1584

Memory: 4k page, system-wide physical 16236M (3897M free)
TotalPageFile size 28658M (AvailPageFile size 4M)
current process WorkingSet (physical memory assigned to process): 114M, peak: 145M
current process commit charge ("private bytes"): 373M, peak: 409M

vm_info: OpenJDK 64-Bit Server VM (23.0.1+11) for windows-amd64 JRE (23.0.1+11), built on 2024-10-15T00:00:00Z with MS VC++ 17.7 (VS2022)

END.
